{"/home/jo-rdan/Desktop/wake-n-bake-backend-/src/tests/index.js":{"path":"/home/jo-rdan/Desktop/wake-n-bake-backend-/src/tests/index.js","statementMap":{"0":{"start":{"line":3,"column":12},"end":{"line":3,"column":51}},"1":{"start":{"line":5,"column":16},"end":{"line":5,"column":60}},"2":{"start":{"line":7,"column":11},"end":{"line":7,"column":52}},"3":{"start":{"line":9,"column":39},"end":{"line":9,"column":95}},"4":{"start":{"line":11,"column":0},"end":{"line":11,"column":26}},"5":{"start":{"line":13,"column":0},"end":{"line":13,"column":43}},"6":{"start":{"line":15,"column":0},"end":{"line":22,"column":3}},"7":{"start":{"line":16,"column":2},"end":{"line":21,"column":5}},"8":{"start":{"line":17,"column":4},"end":{"line":20,"column":7}},"9":{"start":{"line":18,"column":6},"end":{"line":18,"column":34}},"10":{"start":{"line":19,"column":6},"end":{"line":19,"column":13}}},"fnMap":{"0":{"name":"_interopRequireDefault","decl":{"start":{"line":9,"column":9},"end":{"line":9,"column":31}},"loc":{"start":{"line":9,"column":37},"end":{"line":9,"column":97}},"line":9},"1":{"name":"(anonymous_1)","decl":{"start":{"line":15,"column":26},"end":{"line":15,"column":27}},"loc":{"start":{"line":15,"column":38},"end":{"line":22,"column":1}},"line":15},"2":{"name":"(anonymous_2)","decl":{"start":{"line":16,"column":29},"end":{"line":16,"column":30}},"loc":{"start":{"line":16,"column":45},"end":{"line":21,"column":3}},"line":16},"3":{"name":"(anonymous_3)","decl":{"start":{"line":17,"column":59},"end":{"line":17,"column":60}},"loc":{"start":{"line":17,"column":79},"end":{"line":20,"column":5}},"line":17}},"branchMap":{"0":{"loc":{"start":{"line":9,"column":46},"end":{"line":9,"column":94}},"type":"cond-expr","locations":[{"start":{"line":9,"column":70},"end":{"line":9,"column":73}},{"start":{"line":9,"column":76},"end":{"line":9,"column":94}}],"line":9},"1":{"loc":{"start":{"line":9,"column":46},"end":{"line":9,"column":67}},"type":"binary-expr","locations":[{"start":{"line":9,"column":46},"end":{"line":9,"column":49}},{"start":{"line":9,"column":53},"end":{"line":9,"column":67}}],"line":9}},"s":{"0":1,"1":1,"2":1,"3":3,"4":1,"5":1,"6":1,"7":1,"8":1,"9":1,"10":1},"f":{"0":3,"1":1,"2":1,"3":1},"b":{"0":[1,2],"1":[3,3]},"_coverageSchema":"43e27e138ebf9cfc5966b082cf9a028302ed4184","hash":"a6311eb190518623d3bf83cf3fa3d6d3ed4d06f3","contentHash":"47882a44e260b911f02b7c6c80957cdab4c91c396adc95eae5fd7631bb99dfdf"},"/home/jo-rdan/Desktop/wake-n-bake-backend-/src/app.js":{"path":"/home/jo-rdan/Desktop/wake-n-bake-backend-/src/app.js","statementMap":{"0":{"start":{"line":3,"column":0},"end":{"line":5,"column":3}},"1":{"start":{"line":6,"column":0},"end":{"line":6,"column":28}},"2":{"start":{"line":8,"column":15},"end":{"line":8,"column":57}},"3":{"start":{"line":10,"column":18},"end":{"line":10,"column":64}},"4":{"start":{"line":12,"column":13},"end":{"line":12,"column":62}},"5":{"start":{"line":14,"column":39},"end":{"line":14,"column":95}},"6":{"start":{"line":16,"column":10},"end":{"line":16,"column":36}},"7":{"start":{"line":17,"column":0},"end":{"line":17,"column":39}},"8":{"start":{"line":18,"column":0},"end":{"line":20,"column":4}},"9":{"start":{"line":21,"column":0},"end":{"line":21,"column":39}},"10":{"start":{"line":22,"column":0},"end":{"line":27,"column":3}},"11":{"start":{"line":23,"column":2},"end":{"line":26,"column":5}},"12":{"start":{"line":28,"column":11},"end":{"line":28,"column":35}},"13":{"start":{"line":29,"column":0},"end":{"line":29,"column":72}},"14":{"start":{"line":30,"column":15},"end":{"line":30,"column":18}},"15":{"start":{"line":31,"column":0},"end":{"line":31,"column":30}}},"fnMap":{"0":{"name":"_interopRequireDefault","decl":{"start":{"line":14,"column":9},"end":{"line":14,"column":31}},"loc":{"start":{"line":14,"column":37},"end":{"line":14,"column":97}},"line":14},"1":{"name":"(anonymous_1)","decl":{"start":{"line":22,"column":13},"end":{"line":22,"column":14}},"loc":{"start":{"line":22,"column":33},"end":{"line":27,"column":1}},"line":22}},"branchMap":{"0":{"loc":{"start":{"line":14,"column":46},"end":{"line":14,"column":94}},"type":"cond-expr","locations":[{"start":{"line":14,"column":70},"end":{"line":14,"column":73}},{"start":{"line":14,"column":76},"end":{"line":14,"column":94}}],"line":14},"1":{"loc":{"start":{"line":14,"column":46},"end":{"line":14,"column":67}},"type":"binary-expr","locations":[{"start":{"line":14,"column":46},"end":{"line":14,"column":49}},{"start":{"line":14,"column":53},"end":{"line":14,"column":67}}],"line":14},"2":{"loc":{"start":{"line":28,"column":11},"end":{"line":28,"column":35}},"type":"binary-expr","locations":[{"start":{"line":28,"column":11},"end":{"line":28,"column":27}},{"start":{"line":28,"column":31},"end":{"line":28,"column":35}}],"line":28}},"s":{"0":1,"1":1,"2":1,"3":1,"4":1,"5":3,"6":1,"7":1,"8":1,"9":1,"10":1,"11":1,"12":1,"13":1,"14":1,"15":1},"f":{"0":3,"1":1},"b":{"0":[1,2],"1":[3,3],"2":[1,1]},"_coverageSchema":"43e27e138ebf9cfc5966b082cf9a028302ed4184","hash":"7b4d6bc81ad0e49c5c11996f983cd1ea828e8dd6","contentHash":"52b57a1c0d968ce13128deb29151a91a25e6a9847b802d03abce330f2ff4f5f3"},"/home/jo-rdan/Desktop/wake-n-bake-backend-/src/routes/index.js":{"path":"/home/jo-rdan/Desktop/wake-n-bake-backend-/src/routes/index.js","statementMap":{"0":{"start":{"line":3,"column":0},"end":{"line":5,"column":3}},"1":{"start":{"line":6,"column":0},"end":{"line":6,"column":28}},"2":{"start":{"line":8,"column":15},"end":{"line":8,"column":57}},"3":{"start":{"line":10,"column":18},"end":{"line":10,"column":65}},"4":{"start":{"line":12,"column":39},"end":{"line":12,"column":95}},"5":{"start":{"line":14,"column":12},"end":{"line":14,"column":38}},"6":{"start":{"line":15,"column":0},"end":{"line":15,"column":44}},"7":{"start":{"line":16,"column":15},"end":{"line":16,"column":20}},"8":{"start":{"line":17,"column":0},"end":{"line":17,"column":30}}},"fnMap":{"0":{"name":"_interopRequireDefault","decl":{"start":{"line":12,"column":9},"end":{"line":12,"column":31}},"loc":{"start":{"line":12,"column":37},"end":{"line":12,"column":97}},"line":12}},"branchMap":{"0":{"loc":{"start":{"line":12,"column":46},"end":{"line":12,"column":94}},"type":"cond-expr","locations":[{"start":{"line":12,"column":70},"end":{"line":12,"column":73}},{"start":{"line":12,"column":76},"end":{"line":12,"column":94}}],"line":12},"1":{"loc":{"start":{"line":12,"column":46},"end":{"line":12,"column":67}},"type":"binary-expr","locations":[{"start":{"line":12,"column":46},"end":{"line":12,"column":49}},{"start":{"line":12,"column":53},"end":{"line":12,"column":67}}],"line":12}},"s":{"0":1,"1":1,"2":1,"3":1,"4":2,"5":1,"6":1,"7":1,"8":1},"f":{"0":2},"b":{"0":[1,1],"1":[2,2]},"_coverageSchema":"43e27e138ebf9cfc5966b082cf9a028302ed4184","hash":"db3523a9f37a61fe1144a282eb59ea8540df3ed4","contentHash":"85fdb275b5056301936550ee1bf203cc20586b0956c9def93fc32764788948f3"},"/home/jo-rdan/Desktop/wake-n-bake-backend-/src/routes/userRoutes.js":{"path":"/home/jo-rdan/Desktop/wake-n-bake-backend-/src/routes/userRoutes.js","statementMap":{"0":{"start":{"line":3,"column":0},"end":{"line":5,"column":3}},"1":{"start":{"line":6,"column":0},"end":{"line":6,"column":28}},"2":{"start":{"line":8,"column":15},"end":{"line":8,"column":57}},"3":{"start":{"line":10,"column":22},"end":{"line":10,"column":86}},"4":{"start":{"line":12,"column":21},"end":{"line":12,"column":83}},"5":{"start":{"line":14,"column":23},"end":{"line":14,"column":64}},"6":{"start":{"line":16,"column":39},"end":{"line":16,"column":95}},"7":{"start":{"line":18,"column":13},"end":{"line":18,"column":39}},"8":{"start":{"line":19,"column":0},"end":{"line":19,"column":67}},"9":{"start":{"line":20,"column":0},"end":{"line":20,"column":69}},"10":{"start":{"line":21,"column":0},"end":{"line":21,"column":89}},"11":{"start":{"line":22,"column":0},"end":{"line":22,"column":81}},"12":{"start":{"line":23,"column":0},"end":{"line":23,"column":133}},"13":{"start":{"line":24,"column":0},"end":{"line":24,"column":101}},"14":{"start":{"line":25,"column":0},"end":{"line":25,"column":97}},"15":{"start":{"line":26,"column":0},"end":{"line":26,"column":147}},"16":{"start":{"line":27,"column":0},"end":{"line":27,"column":130}},"17":{"start":{"line":28,"column":0},"end":{"line":28,"column":111}},"18":{"start":{"line":29,"column":0},"end":{"line":29,"column":134}},"19":{"start":{"line":30,"column":15},"end":{"line":30,"column":21}},"20":{"start":{"line":31,"column":0},"end":{"line":31,"column":30}}},"fnMap":{"0":{"name":"_interopRequireDefault","decl":{"start":{"line":16,"column":9},"end":{"line":16,"column":31}},"loc":{"start":{"line":16,"column":37},"end":{"line":16,"column":97}},"line":16}},"branchMap":{"0":{"loc":{"start":{"line":16,"column":46},"end":{"line":16,"column":94}},"type":"cond-expr","locations":[{"start":{"line":16,"column":70},"end":{"line":16,"column":73}},{"start":{"line":16,"column":76},"end":{"line":16,"column":94}}],"line":16},"1":{"loc":{"start":{"line":16,"column":46},"end":{"line":16,"column":67}},"type":"binary-expr","locations":[{"start":{"line":16,"column":46},"end":{"line":16,"column":49}},{"start":{"line":16,"column":53},"end":{"line":16,"column":67}}],"line":16}},"s":{"0":1,"1":1,"2":1,"3":1,"4":1,"5":1,"6":3,"7":1,"8":1,"9":1,"10":1,"11":1,"12":1,"13":1,"14":1,"15":1,"16":1,"17":1,"18":1,"19":1,"20":1},"f":{"0":3},"b":{"0":[2,1],"1":[3,3]},"_coverageSchema":"43e27e138ebf9cfc5966b082cf9a028302ed4184","hash":"b8fc8807e5857a44f3e353650784e2b176681ae6","contentHash":"fc9f8a62d8350adf9be11dcfba85619e94a916819e2d40360444049acddc5797"},"/home/jo-rdan/Desktop/wake-n-bake-backend-/src/controllers/userController.js":{"path":"/home/jo-rdan/Desktop/wake-n-bake-backend-/src/controllers/userController.js","statementMap":{"0":{"start":{"line":3,"column":0},"end":{"line":5,"column":3}},"1":{"start":{"line":6,"column":0},"end":{"line":6,"column":28}},"2":{"start":{"line":8,"column":14},"end":{"line":8,"column":55}},"3":{"start":{"line":10,"column":20},"end":{"line":10,"column":67}},"4":{"start":{"line":12,"column":14},"end":{"line":12,"column":31}},"5":{"start":{"line":14,"column":20},"end":{"line":14,"column":79}},"6":{"start":{"line":16,"column":23},"end":{"line":16,"column":64}},"7":{"start":{"line":18,"column":23},"end":{"line":18,"column":84}},"8":{"start":{"line":20,"column":21},"end":{"line":20,"column":56}},"9":{"start":{"line":22,"column":39},"end":{"line":22,"column":95}},"10":{"start":{"line":24,"column":54},"end":{"line":24,"column":84}},"11":{"start":{"line":24,"column":74},"end":{"line":24,"column":84}},"12":{"start":{"line":24,"column":98},"end":{"line":24,"column":145}},"13":{"start":{"line":24,"column":159},"end":{"line":24,"column":475}},"14":{"start":{"line":24,"column":218},"end":{"line":24,"column":254}},"15":{"start":{"line":24,"column":256},"end":{"line":24,"column":473}},"16":{"start":{"line":24,"column":304},"end":{"line":24,"column":330}},"17":{"start":{"line":24,"column":331},"end":{"line":24,"column":372}},"18":{"start":{"line":24,"column":363},"end":{"line":24,"column":372}},"19":{"start":{"line":24,"column":373},"end":{"line":24,"column":444}},"20":{"start":{"line":24,"column":435},"end":{"line":24,"column":444}},"21":{"start":{"line":24,"column":445},"end":{"line":24,"column":471}},"22":{"start":{"line":24,"column":476},"end":{"line":24,"column":490}},"23":{"start":{"line":26,"column":59},"end":{"line":26,"column":89}},"24":{"start":{"line":26,"column":79},"end":{"line":26,"column":89}},"25":{"start":{"line":26,"column":103},"end":{"line":26,"column":105}},"26":{"start":{"line":26,"column":124},"end":{"line":26,"column":143}},"27":{"start":{"line":26,"column":157},"end":{"line":26,"column":290}},"28":{"start":{"line":26,"column":199},"end":{"line":26,"column":219}},"29":{"start":{"line":26,"column":220},"end":{"line":26,"column":261}},"30":{"start":{"line":26,"column":252},"end":{"line":26,"column":261}},"31":{"start":{"line":26,"column":262},"end":{"line":26,"column":288}},"32":{"start":{"line":26,"column":291},"end":{"line":26,"column":305}},"33":{"start":{"line":28,"column":34},"end":{"line":28,"column":156}},"34":{"start":{"line":30,"column":30},"end":{"line":30,"column":191}},"35":{"start":{"line":32,"column":50},"end":{"line":32,"column":65}},"36":{"start":{"line":32,"column":58},"end":{"line":32,"column":65}},"37":{"start":{"line":32,"column":66},"end":{"line":32,"column":129}},"38":{"start":{"line":32,"column":93},"end":{"line":32,"column":129}},"39":{"start":{"line":32,"column":138},"end":{"line":32,"column":184}},"40":{"start":{"line":32,"column":186},"end":{"line":32,"column":246}},"41":{"start":{"line":32,"column":223},"end":{"line":32,"column":246}},"42":{"start":{"line":32,"column":247},"end":{"line":32,"column":300}},"43":{"start":{"line":32,"column":279},"end":{"line":32,"column":300}},"44":{"start":{"line":32,"column":301},"end":{"line":32,"column":414}},"45":{"start":{"line":32,"column":378},"end":{"line":32,"column":414}},"46":{"start":{"line":34,"column":39},"end":{"line":34,"column":93}},"47":{"start":{"line":34,"column":76},"end":{"line":34,"column":93}},"48":{"start":{"line":34,"column":94},"end":{"line":34,"column":168}},"49":{"start":{"line":34,"column":107},"end":{"line":34,"column":108}},"50":{"start":{"line":34,"column":117},"end":{"line":34,"column":131}},"51":{"start":{"line":34,"column":149},"end":{"line":34,"column":166}},"52":{"start":{"line":34,"column":169},"end":{"line":34,"column":181}},"53":{"start":{"line":36,"column":41},"end":{"line":36,"column":120}},"54":{"start":{"line":36,"column":113},"end":{"line":36,"column":120}},"55":{"start":{"line":36,"column":132},"end":{"line":36,"column":134}},"56":{"start":{"line":36,"column":145},"end":{"line":36,"column":149}},"57":{"start":{"line":36,"column":160},"end":{"line":36,"column":165}},"58":{"start":{"line":36,"column":176},"end":{"line":36,"column":185}},"59":{"start":{"line":36,"column":187},"end":{"line":36,"column":474}},"60":{"start":{"line":36,"column":193},"end":{"line":36,"column":336}},"61":{"start":{"line":36,"column":207},"end":{"line":36,"column":229}},"62":{"start":{"line":36,"column":279},"end":{"line":36,"column":299}},"63":{"start":{"line":36,"column":300},"end":{"line":36,"column":334}},"64":{"start":{"line":36,"column":328},"end":{"line":36,"column":334}},"65":{"start":{"line":36,"column":353},"end":{"line":36,"column":363}},"66":{"start":{"line":36,"column":364},"end":{"line":36,"column":373}},"67":{"start":{"line":36,"column":386},"end":{"line":36,"column":472}},"68":{"start":{"line":36,"column":392},"end":{"line":36,"column":440}},"69":{"start":{"line":36,"column":425},"end":{"line":36,"column":440}},"70":{"start":{"line":36,"column":453},"end":{"line":36,"column":470}},"71":{"start":{"line":36,"column":461},"end":{"line":36,"column":470}},"72":{"start":{"line":36,"column":475},"end":{"line":36,"column":487}},"73":{"start":{"line":38,"column":32},"end":{"line":38,"column":67}},"74":{"start":{"line":38,"column":56},"end":{"line":38,"column":67}},"75":{"start":{"line":40,"column":77},"end":{"line":40,"column":175}},"76":{"start":{"line":40,"column":94},"end":{"line":40,"column":107}},"77":{"start":{"line":40,"column":121},"end":{"line":40,"column":131}},"78":{"start":{"line":40,"column":151},"end":{"line":40,"column":165}},"79":{"start":{"line":40,"column":166},"end":{"line":40,"column":173}},"80":{"start":{"line":40,"column":176},"end":{"line":40,"column":263}},"81":{"start":{"line":40,"column":193},"end":{"line":40,"column":208}},"82":{"start":{"line":40,"column":218},"end":{"line":40,"column":261}},"83":{"start":{"line":42,"column":33},"end":{"line":42,"column":387}},"84":{"start":{"line":42,"column":65},"end":{"line":42,"column":69}},"85":{"start":{"line":42,"column":78},"end":{"line":42,"column":87}},"86":{"start":{"line":42,"column":89},"end":{"line":42,"column":384}},"87":{"start":{"line":42,"column":147},"end":{"line":42,"column":167}},"88":{"start":{"line":42,"column":193},"end":{"line":42,"column":264}},"89":{"start":{"line":42,"column":290},"end":{"line":42,"column":360}},"90":{"start":{"line":42,"column":363},"end":{"line":42,"column":380}},"91":{"start":{"line":44,"column":50},"end":{"line":44,"column":151}},"92":{"start":{"line":44,"column":92},"end":{"line":44,"column":149}},"93":{"start":{"line":46,"column":44},"end":{"line":46,"column":315}},"94":{"start":{"line":46,"column":57},"end":{"line":46,"column":58}},"95":{"start":{"line":46,"column":102},"end":{"line":46,"column":110}},"96":{"start":{"line":46,"column":112},"end":{"line":46,"column":167}},"97":{"start":{"line":46,"column":168},"end":{"line":46,"column":199}},"98":{"start":{"line":46,"column":200},"end":{"line":46,"column":254}},"99":{"start":{"line":46,"column":227},"end":{"line":46,"column":254}},"100":{"start":{"line":46,"column":255},"end":{"line":46,"column":313}},"101":{"start":{"line":48,"column":62},"end":{"line":48,"column":131}},"102":{"start":{"line":48,"column":78},"end":{"line":48,"column":131}},"103":{"start":{"line":48,"column":132},"end":{"line":48,"column":193}},"104":{"start":{"line":48,"column":149},"end":{"line":48,"column":193}},"105":{"start":{"line":48,"column":194},"end":{"line":48,"column":213}},"106":{"start":{"line":50,"column":0},"end":{"line":50,"column":22}},"107":{"start":{"line":52,"column":24},"end":{"line":960,"column":3}},"108":{"start":{"line":54,"column":4},"end":{"line":54,"column":32}},"109":{"start":{"line":57,"column":2},"end":{"line":957,"column":6}},"110":{"start":{"line":60,"column":29},"end":{"line":209,"column":9}},"111":{"start":{"line":63,"column":8},"end":{"line":208,"column":37}},"112":{"start":{"line":64,"column":10},"end":{"line":207,"column":11}},"113":{"start":{"line":65,"column":12},"end":{"line":206,"column":13}},"114":{"start":{"line":67,"column":16},"end":{"line":67,"column":34}},"115":{"start":{"line":68,"column":16},"end":{"line":68,"column":103}},"116":{"start":{"line":70,"column":16},"end":{"line":73,"column":17}},"117":{"start":{"line":71,"column":18},"end":{"line":71,"column":36}},"118":{"start":{"line":72,"column":18},"end":{"line":72,"column":24}},"119":{"start":{"line":75,"column":16},"end":{"line":78,"column":20}},"120":{"start":{"line":81,"column":16},"end":{"line":84,"column":17}},"121":{"start":{"line":82,"column":18},"end":{"line":82,"column":37}},"122":{"start":{"line":83,"column":18},"end":{"line":83,"column":24}},"123":{"start":{"line":86,"column":16},"end":{"line":86,"column":74}},"124":{"start":{"line":87,"column":16},"end":{"line":87,"column":111}},"125":{"start":{"line":89,"column":16},"end":{"line":92,"column":17}},"126":{"start":{"line":90,"column":18},"end":{"line":90,"column":36}},"127":{"start":{"line":91,"column":18},"end":{"line":91,"column":24}},"128":{"start":{"line":94,"column":16},"end":{"line":97,"column":20}},"129":{"start":{"line":100,"column":16},"end":{"line":100,"column":89}},"130":{"start":{"line":101,"column":16},"end":{"line":101,"column":35}},"131":{"start":{"line":102,"column":16},"end":{"line":108,"column":19}},"132":{"start":{"line":111,"column":16},"end":{"line":111,"column":40}},"133":{"start":{"line":113,"column":16},"end":{"line":116,"column":17}},"134":{"start":{"line":114,"column":18},"end":{"line":114,"column":37}},"135":{"start":{"line":115,"column":18},"end":{"line":115,"column":24}},"136":{"start":{"line":118,"column":16},"end":{"line":121,"column":20}},"137":{"start":{"line":125,"column":16},"end":{"line":131,"column":19}},"138":{"start":{"line":132,"column":16},"end":{"line":132,"column":107}},"139":{"start":{"line":134,"column":16},"end":{"line":137,"column":20}},"140":{"start":{"line":141,"column":16},"end":{"line":141,"column":73}},"141":{"start":{"line":142,"column":16},"end":{"line":142,"column":111}},"142":{"start":{"line":144,"column":16},"end":{"line":147,"column":17}},"143":{"start":{"line":145,"column":18},"end":{"line":145,"column":37}},"144":{"start":{"line":146,"column":18},"end":{"line":146,"column":24}},"145":{"start":{"line":149,"column":16},"end":{"line":152,"column":20}},"146":{"start":{"line":155,"column":16},"end":{"line":155,"column":88}},"147":{"start":{"line":156,"column":16},"end":{"line":156,"column":35}},"148":{"start":{"line":157,"column":16},"end":{"line":163,"column":19}},"149":{"start":{"line":166,"column":16},"end":{"line":166,"column":39}},"150":{"start":{"line":168,"column":16},"end":{"line":171,"column":17}},"151":{"start":{"line":169,"column":18},"end":{"line":169,"column":37}},"152":{"start":{"line":170,"column":18},"end":{"line":170,"column":24}},"153":{"start":{"line":173,"column":16},"end":{"line":176,"column":20}},"154":{"start":{"line":179,"column":16},"end":{"line":179,"column":35}},"155":{"start":{"line":180,"column":16},"end":{"line":180,"column":76}},"156":{"start":{"line":183,"column":16},"end":{"line":189,"column":19}},"157":{"start":{"line":190,"column":16},"end":{"line":193,"column":20}},"158":{"start":{"line":196,"column":16},"end":{"line":196,"column":35}},"159":{"start":{"line":197,"column":16},"end":{"line":197,"column":51}},"160":{"start":{"line":198,"column":16},"end":{"line":201,"column":20}},"161":{"start":{"line":205,"column":16},"end":{"line":205,"column":39}},"162":{"start":{"line":212,"column":8},"end":{"line":212,"column":55}},"163":{"start":{"line":215,"column":6},"end":{"line":215,"column":29}},"164":{"start":{"line":220,"column":39},"end":{"line":315,"column":9}},"165":{"start":{"line":222,"column":8},"end":{"line":314,"column":38}},"166":{"start":{"line":223,"column":10},"end":{"line":313,"column":11}},"167":{"start":{"line":224,"column":12},"end":{"line":312,"column":13}},"168":{"start":{"line":226,"column":16},"end":{"line":226,"column":41}},"169":{"start":{"line":227,"column":16},"end":{"line":227,"column":35}},"170":{"start":{"line":228,"column":16},"end":{"line":228,"column":70}},"171":{"start":{"line":229,"column":16},"end":{"line":229,"column":58}},"172":{"start":{"line":231,"column":16},"end":{"line":234,"column":17}},"173":{"start":{"line":232,"column":18},"end":{"line":232,"column":38}},"174":{"start":{"line":233,"column":18},"end":{"line":233,"column":24}},"175":{"start":{"line":236,"column":16},"end":{"line":236,"column":35}},"176":{"start":{"line":237,"column":16},"end":{"line":237,"column":84}},"177":{"start":{"line":240,"column":16},"end":{"line":240,"column":45}},"178":{"start":{"line":242,"column":16},"end":{"line":245,"column":17}},"179":{"start":{"line":243,"column":18},"end":{"line":243,"column":38}},"180":{"start":{"line":244,"column":18},"end":{"line":244,"column":24}},"181":{"start":{"line":247,"column":16},"end":{"line":250,"column":20}},"182":{"start":{"line":253,"column":16},"end":{"line":253,"column":50}},"183":{"start":{"line":256,"column":16},"end":{"line":256,"column":36}},"184":{"start":{"line":257,"column":16},"end":{"line":260,"column":19}},"185":{"start":{"line":263,"column":16},"end":{"line":263,"column":43}},"186":{"start":{"line":265,"column":16},"end":{"line":268,"column":17}},"187":{"start":{"line":266,"column":18},"end":{"line":266,"column":38}},"188":{"start":{"line":267,"column":18},"end":{"line":267,"column":24}},"189":{"start":{"line":270,"column":16},"end":{"line":273,"column":20}},"190":{"start":{"line":276,"column":16},"end":{"line":279,"column":17}},"191":{"start":{"line":277,"column":18},"end":{"line":277,"column":38}},"192":{"start":{"line":278,"column":18},"end":{"line":278,"column":24}},"193":{"start":{"line":281,"column":16},"end":{"line":284,"column":20}},"194":{"start":{"line":287,"column":16},"end":{"line":287,"column":36}},"195":{"start":{"line":288,"column":16},"end":{"line":292,"column":19}},"196":{"start":{"line":295,"column":16},"end":{"line":295,"column":41}},"197":{"start":{"line":296,"column":16},"end":{"line":299,"column":20}},"198":{"start":{"line":302,"column":16},"end":{"line":302,"column":36}},"199":{"start":{"line":303,"column":16},"end":{"line":303,"column":53}},"200":{"start":{"line":304,"column":16},"end":{"line":307,"column":20}},"201":{"start":{"line":311,"column":16},"end":{"line":311,"column":40}},"202":{"start":{"line":318,"column":8},"end":{"line":318,"column":65}},"203":{"start":{"line":321,"column":6},"end":{"line":321,"column":39}},"204":{"start":{"line":326,"column":39},"end":{"line":379,"column":9}},"205":{"start":{"line":328,"column":8},"end":{"line":378,"column":38}},"206":{"start":{"line":329,"column":10},"end":{"line":377,"column":11}},"207":{"start":{"line":330,"column":12},"end":{"line":376,"column":13}},"208":{"start":{"line":332,"column":16},"end":{"line":332,"column":37}},"209":{"start":{"line":333,"column":16},"end":{"line":333,"column":40}},"210":{"start":{"line":334,"column":16},"end":{"line":334,"column":35}},"211":{"start":{"line":335,"column":16},"end":{"line":335,"column":35}},"212":{"start":{"line":336,"column":16},"end":{"line":336,"column":70}},"213":{"start":{"line":339,"column":16},"end":{"line":339,"column":44}},"214":{"start":{"line":341,"column":16},"end":{"line":344,"column":17}},"215":{"start":{"line":342,"column":18},"end":{"line":342,"column":37}},"216":{"start":{"line":343,"column":18},"end":{"line":343,"column":24}},"217":{"start":{"line":346,"column":16},"end":{"line":349,"column":20}},"218":{"start":{"line":352,"column":16},"end":{"line":352,"column":36}},"219":{"start":{"line":353,"column":16},"end":{"line":357,"column":19}},"220":{"start":{"line":360,"column":16},"end":{"line":363,"column":20}},"221":{"start":{"line":366,"column":16},"end":{"line":366,"column":36}},"222":{"start":{"line":367,"column":16},"end":{"line":367,"column":53}},"223":{"start":{"line":368,"column":16},"end":{"line":371,"column":20}},"224":{"start":{"line":375,"column":16},"end":{"line":375,"column":40}},"225":{"start":{"line":382,"column":8},"end":{"line":382,"column":65}},"226":{"start":{"line":385,"column":6},"end":{"line":385,"column":39}},"227":{"start":{"line":390,"column":30},"end":{"line":487,"column":9}},"228":{"start":{"line":393,"column":8},"end":{"line":486,"column":38}},"229":{"start":{"line":394,"column":10},"end":{"line":485,"column":11}},"230":{"start":{"line":395,"column":12},"end":{"line":484,"column":13}},"231":{"start":{"line":397,"column":16},"end":{"line":397,"column":35}},"232":{"start":{"line":398,"column":16},"end":{"line":398,"column":146}},"233":{"start":{"line":399,"column":16},"end":{"line":399,"column":73}},"234":{"start":{"line":400,"column":16},"end":{"line":400,"column":109}},"235":{"start":{"line":402,"column":16},"end":{"line":405,"column":17}},"236":{"start":{"line":403,"column":18},"end":{"line":403,"column":37}},"237":{"start":{"line":404,"column":18},"end":{"line":404,"column":24}},"238":{"start":{"line":407,"column":16},"end":{"line":410,"column":20}},"239":{"start":{"line":413,"column":16},"end":{"line":413,"column":35}},"240":{"start":{"line":414,"column":16},"end":{"line":417,"column":19}},"241":{"start":{"line":420,"column":16},"end":{"line":420,"column":40}},"242":{"start":{"line":422,"column":16},"end":{"line":425,"column":17}},"243":{"start":{"line":423,"column":18},"end":{"line":423,"column":38}},"244":{"start":{"line":424,"column":18},"end":{"line":424,"column":24}},"245":{"start":{"line":427,"column":16},"end":{"line":430,"column":20}},"246":{"start":{"line":433,"column":16},"end":{"line":436,"column":17}},"247":{"start":{"line":434,"column":18},"end":{"line":434,"column":38}},"248":{"start":{"line":435,"column":18},"end":{"line":435,"column":24}},"249":{"start":{"line":438,"column":16},"end":{"line":441,"column":20}},"250":{"start":{"line":444,"column":16},"end":{"line":444,"column":95}},"251":{"start":{"line":446,"column":16},"end":{"line":449,"column":17}},"252":{"start":{"line":447,"column":18},"end":{"line":447,"column":38}},"253":{"start":{"line":448,"column":18},"end":{"line":448,"column":24}},"254":{"start":{"line":451,"column":16},"end":{"line":454,"column":20}},"255":{"start":{"line":457,"column":16},"end":{"line":467,"column":19}},"256":{"start":{"line":468,"column":16},"end":{"line":471,"column":20}},"257":{"start":{"line":474,"column":16},"end":{"line":474,"column":36}},"258":{"start":{"line":475,"column":16},"end":{"line":475,"column":53}},"259":{"start":{"line":476,"column":16},"end":{"line":479,"column":20}},"260":{"start":{"line":483,"column":16},"end":{"line":483,"column":40}},"261":{"start":{"line":490,"column":8},"end":{"line":490,"column":56}},"262":{"start":{"line":493,"column":6},"end":{"line":493,"column":30}},"263":{"start":{"line":498,"column":39},"end":{"line":567,"column":9}},"264":{"start":{"line":501,"column":8},"end":{"line":566,"column":38}},"265":{"start":{"line":502,"column":10},"end":{"line":565,"column":11}},"266":{"start":{"line":503,"column":12},"end":{"line":564,"column":13}},"267":{"start":{"line":505,"column":16},"end":{"line":505,"column":43}},"268":{"start":{"line":506,"column":16},"end":{"line":506,"column":87}},"269":{"start":{"line":507,"column":16},"end":{"line":507,"column":35}},"270":{"start":{"line":508,"column":16},"end":{"line":508,"column":35}},"271":{"start":{"line":509,"column":16},"end":{"line":511,"column":19}},"272":{"start":{"line":514,"column":16},"end":{"line":514,"column":40}},"273":{"start":{"line":516,"column":16},"end":{"line":519,"column":17}},"274":{"start":{"line":517,"column":18},"end":{"line":517,"column":37}},"275":{"start":{"line":518,"column":18},"end":{"line":518,"column":24}},"276":{"start":{"line":521,"column":16},"end":{"line":524,"column":20}},"277":{"start":{"line":527,"column":16},"end":{"line":530,"column":17}},"278":{"start":{"line":528,"column":18},"end":{"line":528,"column":38}},"279":{"start":{"line":529,"column":18},"end":{"line":529,"column":24}},"280":{"start":{"line":532,"column":16},"end":{"line":535,"column":20}},"281":{"start":{"line":538,"column":16},"end":{"line":538,"column":36}},"282":{"start":{"line":539,"column":16},"end":{"line":541,"column":29}},"283":{"start":{"line":544,"column":16},"end":{"line":544,"column":45}},"284":{"start":{"line":545,"column":16},"end":{"line":545,"column":87}},"285":{"start":{"line":546,"column":16},"end":{"line":546,"column":227}},"286":{"start":{"line":547,"column":16},"end":{"line":551,"column":20}},"287":{"start":{"line":554,"column":16},"end":{"line":554,"column":36}},"288":{"start":{"line":555,"column":16},"end":{"line":555,"column":53}},"289":{"start":{"line":556,"column":16},"end":{"line":559,"column":20}},"290":{"start":{"line":563,"column":16},"end":{"line":563,"column":40}},"291":{"start":{"line":570,"column":8},"end":{"line":570,"column":65}},"292":{"start":{"line":573,"column":6},"end":{"line":573,"column":39}},"293":{"start":{"line":578,"column":37},"end":{"line":618,"column":9}},"294":{"start":{"line":581,"column":8},"end":{"line":617,"column":21}},"295":{"start":{"line":582,"column":10},"end":{"line":616,"column":11}},"296":{"start":{"line":583,"column":12},"end":{"line":615,"column":13}},"297":{"start":{"line":585,"column":16},"end":{"line":585,"column":43}},"298":{"start":{"line":586,"column":16},"end":{"line":586,"column":35}},"299":{"start":{"line":587,"column":16},"end":{"line":589,"column":19}},"300":{"start":{"line":592,"column":16},"end":{"line":592,"column":43}},"301":{"start":{"line":594,"column":16},"end":{"line":597,"column":17}},"302":{"start":{"line":595,"column":18},"end":{"line":595,"column":37}},"303":{"start":{"line":596,"column":18},"end":{"line":596,"column":24}},"304":{"start":{"line":599,"column":16},"end":{"line":602,"column":20}},"305":{"start":{"line":605,"column":16},"end":{"line":605,"column":186}},"306":{"start":{"line":606,"column":16},"end":{"line":610,"column":20}},"307":{"start":{"line":614,"column":16},"end":{"line":614,"column":40}},"308":{"start":{"line":621,"column":8},"end":{"line":621,"column":63}},"309":{"start":{"line":624,"column":6},"end":{"line":624,"column":37}},"310":{"start":{"line":629,"column":25},"end":{"line":660,"column":9}},"311":{"start":{"line":631,"column":8},"end":{"line":659,"column":37}},"312":{"start":{"line":632,"column":10},"end":{"line":658,"column":11}},"313":{"start":{"line":633,"column":12},"end":{"line":657,"column":13}},"314":{"start":{"line":635,"column":16},"end":{"line":635,"column":35}},"315":{"start":{"line":636,"column":16},"end":{"line":636,"column":35}},"316":{"start":{"line":637,"column":16},"end":{"line":637,"column":63}},"317":{"start":{"line":640,"column":16},"end":{"line":640,"column":39}},"318":{"start":{"line":641,"column":16},"end":{"line":644,"column":20}},"319":{"start":{"line":647,"column":16},"end":{"line":647,"column":35}},"320":{"start":{"line":648,"column":16},"end":{"line":648,"column":53}},"321":{"start":{"line":649,"column":16},"end":{"line":652,"column":20}},"322":{"start":{"line":656,"column":16},"end":{"line":656,"column":40}},"323":{"start":{"line":663,"column":8},"end":{"line":663,"column":51}},"324":{"start":{"line":666,"column":6},"end":{"line":666,"column":25}},"325":{"start":{"line":671,"column":34},"end":{"line":778,"column":9}},"326":{"start":{"line":674,"column":8},"end":{"line":777,"column":38}},"327":{"start":{"line":675,"column":10},"end":{"line":776,"column":11}},"328":{"start":{"line":676,"column":12},"end":{"line":775,"column":13}},"329":{"start":{"line":678,"column":16},"end":{"line":678,"column":35}},"330":{"start":{"line":679,"column":16},"end":{"line":679,"column":106}},"331":{"start":{"line":681,"column":16},"end":{"line":684,"column":17}},"332":{"start":{"line":682,"column":18},"end":{"line":682,"column":38}},"333":{"start":{"line":683,"column":18},"end":{"line":683,"column":24}},"334":{"start":{"line":686,"column":16},"end":{"line":686,"column":35}},"335":{"start":{"line":687,"column":16},"end":{"line":689,"column":19}},"336":{"start":{"line":692,"column":16},"end":{"line":692,"column":44}},"337":{"start":{"line":694,"column":16},"end":{"line":697,"column":17}},"338":{"start":{"line":695,"column":18},"end":{"line":695,"column":37}},"339":{"start":{"line":696,"column":18},"end":{"line":696,"column":24}},"340":{"start":{"line":699,"column":16},"end":{"line":702,"column":20}},"341":{"start":{"line":705,"column":16},"end":{"line":708,"column":17}},"342":{"start":{"line":706,"column":18},"end":{"line":706,"column":38}},"343":{"start":{"line":707,"column":18},"end":{"line":707,"column":24}},"344":{"start":{"line":710,"column":16},"end":{"line":713,"column":20}},"345":{"start":{"line":716,"column":16},"end":{"line":720,"column":19}},"346":{"start":{"line":721,"column":16},"end":{"line":721,"column":150}},"347":{"start":{"line":722,"column":16},"end":{"line":725,"column":20}},"348":{"start":{"line":728,"column":16},"end":{"line":728,"column":36}},"349":{"start":{"line":729,"column":16},"end":{"line":731,"column":19}},"350":{"start":{"line":734,"column":16},"end":{"line":734,"column":43}},"351":{"start":{"line":736,"column":16},"end":{"line":739,"column":17}},"352":{"start":{"line":737,"column":18},"end":{"line":737,"column":38}},"353":{"start":{"line":738,"column":18},"end":{"line":738,"column":24}},"354":{"start":{"line":741,"column":16},"end":{"line":744,"column":20}},"355":{"start":{"line":747,"column":16},"end":{"line":750,"column":17}},"356":{"start":{"line":748,"column":18},"end":{"line":748,"column":38}},"357":{"start":{"line":749,"column":18},"end":{"line":749,"column":24}},"358":{"start":{"line":752,"column":16},"end":{"line":755,"column":20}},"359":{"start":{"line":758,"column":16},"end":{"line":758,"column":62}},"360":{"start":{"line":759,"column":16},"end":{"line":762,"column":20}},"361":{"start":{"line":765,"column":16},"end":{"line":765,"column":36}},"362":{"start":{"line":766,"column":16},"end":{"line":766,"column":53}},"363":{"start":{"line":767,"column":16},"end":{"line":770,"column":20}},"364":{"start":{"line":774,"column":16},"end":{"line":774,"column":40}},"365":{"start":{"line":781,"column":8},"end":{"line":781,"column":60}},"366":{"start":{"line":784,"column":6},"end":{"line":784,"column":34}},"367":{"start":{"line":789,"column":37},"end":{"line":841,"column":9}},"368":{"start":{"line":792,"column":8},"end":{"line":840,"column":38}},"369":{"start":{"line":793,"column":10},"end":{"line":839,"column":11}},"370":{"start":{"line":794,"column":12},"end":{"line":838,"column":13}},"371":{"start":{"line":796,"column":16},"end":{"line":796,"column":35}},"372":{"start":{"line":797,"column":16},"end":{"line":797,"column":122}},"373":{"start":{"line":798,"column":16},"end":{"line":798,"column":40}},"374":{"start":{"line":799,"column":16},"end":{"line":799,"column":70}},"375":{"start":{"line":800,"column":16},"end":{"line":800,"column":58}},"376":{"start":{"line":802,"column":16},"end":{"line":805,"column":17}},"377":{"start":{"line":803,"column":18},"end":{"line":803,"column":37}},"378":{"start":{"line":804,"column":18},"end":{"line":804,"column":24}},"379":{"start":{"line":807,"column":16},"end":{"line":810,"column":20}},"380":{"start":{"line":813,"column":16},"end":{"line":813,"column":78}},"381":{"start":{"line":814,"column":16},"end":{"line":814,"column":36}},"382":{"start":{"line":815,"column":16},"end":{"line":819,"column":19}},"383":{"start":{"line":822,"column":16},"end":{"line":825,"column":20}},"384":{"start":{"line":828,"column":16},"end":{"line":828,"column":36}},"385":{"start":{"line":829,"column":16},"end":{"line":829,"column":53}},"386":{"start":{"line":830,"column":16},"end":{"line":833,"column":20}},"387":{"start":{"line":837,"column":16},"end":{"line":837,"column":40}},"388":{"start":{"line":844,"column":8},"end":{"line":844,"column":63}},"389":{"start":{"line":847,"column":6},"end":{"line":847,"column":37}},"390":{"start":{"line":852,"column":35},"end":{"line":907,"column":9}},"391":{"start":{"line":855,"column":8},"end":{"line":906,"column":39}},"392":{"start":{"line":856,"column":10},"end":{"line":905,"column":11}},"393":{"start":{"line":857,"column":12},"end":{"line":904,"column":13}},"394":{"start":{"line":859,"column":16},"end":{"line":859,"column":36}},"395":{"start":{"line":860,"column":16},"end":{"line":860,"column":89}},"396":{"start":{"line":861,"column":16},"end":{"line":861,"column":122}},"397":{"start":{"line":862,"column":16},"end":{"line":862,"column":36}},"398":{"start":{"line":863,"column":16},"end":{"line":863,"column":70}},"399":{"start":{"line":866,"column":16},"end":{"line":866,"column":45}},"400":{"start":{"line":868,"column":16},"end":{"line":871,"column":17}},"401":{"start":{"line":869,"column":18},"end":{"line":869,"column":38}},"402":{"start":{"line":870,"column":18},"end":{"line":870,"column":24}},"403":{"start":{"line":873,"column":16},"end":{"line":876,"column":20}},"404":{"start":{"line":879,"column":16},"end":{"line":879,"column":78}},"405":{"start":{"line":880,"column":16},"end":{"line":880,"column":37}},"406":{"start":{"line":881,"column":16},"end":{"line":885,"column":19}},"407":{"start":{"line":888,"column":16},"end":{"line":891,"column":20}},"408":{"start":{"line":894,"column":16},"end":{"line":894,"column":37}},"409":{"start":{"line":895,"column":16},"end":{"line":895,"column":55}},"410":{"start":{"line":896,"column":16},"end":{"line":899,"column":20}},"411":{"start":{"line":903,"column":16},"end":{"line":903,"column":41}},"412":{"start":{"line":910,"column":8},"end":{"line":910,"column":61}},"413":{"start":{"line":913,"column":6},"end":{"line":913,"column":35}},"414":{"start":{"line":918,"column":31},"end":{"line":949,"column":9}},"415":{"start":{"line":920,"column":8},"end":{"line":948,"column":38}},"416":{"start":{"line":921,"column":10},"end":{"line":947,"column":11}},"417":{"start":{"line":922,"column":12},"end":{"line":946,"column":13}},"418":{"start":{"line":924,"column":16},"end":{"line":924,"column":36}},"419":{"start":{"line":925,"column":16},"end":{"line":925,"column":41}},"420":{"start":{"line":926,"column":16},"end":{"line":926,"column":36}},"421":{"start":{"line":927,"column":16},"end":{"line":927,"column":71}},"422":{"start":{"line":930,"column":16},"end":{"line":933,"column":20}},"423":{"start":{"line":936,"column":16},"end":{"line":936,"column":36}},"424":{"start":{"line":937,"column":16},"end":{"line":937,"column":55}},"425":{"start":{"line":938,"column":16},"end":{"line":941,"column":20}},"426":{"start":{"line":945,"column":16},"end":{"line":945,"column":41}},"427":{"start":{"line":952,"column":8},"end":{"line":952,"column":57}},"428":{"start":{"line":955,"column":6},"end":{"line":955,"column":31}},"429":{"start":{"line":959,"column":2},"end":{"line":959,"column":14}},"430":{"start":{"line":962,"column":15},"end":{"line":962,"column":19}},"431":{"start":{"line":963,"column":0},"end":{"line":963,"column":30}}},"fnMap":{"0":{"name":"_interopRequireDefault","decl":{"start":{"line":22,"column":9},"end":{"line":22,"column":31}},"loc":{"start":{"line":22,"column":37},"end":{"line":22,"column":97}},"line":22},"1":{"name":"_objectWithoutProperties","decl":{"start":{"line":24,"column":9},"end":{"line":24,"column":33}},"loc":{"start":{"line":24,"column":52},"end":{"line":24,"column":492}},"line":24},"2":{"name":"_objectWithoutPropertiesLoose","decl":{"start":{"line":26,"column":9},"end":{"line":26,"column":38}},"loc":{"start":{"line":26,"column":57},"end":{"line":26,"column":307}},"line":26},"3":{"name":"_slicedToArray","decl":{"start":{"line":28,"column":9},"end":{"line":28,"column":23}},"loc":{"start":{"line":28,"column":32},"end":{"line":28,"column":158}},"line":28},"4":{"name":"_nonIterableRest","decl":{"start":{"line":30,"column":9},"end":{"line":30,"column":25}},"loc":{"start":{"line":30,"column":28},"end":{"line":30,"column":193}},"line":30},"5":{"name":"_unsupportedIterableToArray","decl":{"start":{"line":32,"column":9},"end":{"line":32,"column":36}},"loc":{"start":{"line":32,"column":48},"end":{"line":32,"column":416}},"line":32},"6":{"name":"_arrayLikeToArray","decl":{"start":{"line":34,"column":9},"end":{"line":34,"column":26}},"loc":{"start":{"line":34,"column":37},"end":{"line":34,"column":183}},"line":34},"7":{"name":"_iterableToArrayLimit","decl":{"start":{"line":36,"column":9},"end":{"line":36,"column":30}},"loc":{"start":{"line":36,"column":39},"end":{"line":36,"column":489}},"line":36},"8":{"name":"_arrayWithHoles","decl":{"start":{"line":38,"column":9},"end":{"line":38,"column":24}},"loc":{"start":{"line":38,"column":30},"end":{"line":38,"column":69}},"line":38},"9":{"name":"asyncGeneratorStep","decl":{"start":{"line":40,"column":9},"end":{"line":40,"column":27}},"loc":{"start":{"line":40,"column":75},"end":{"line":40,"column":265}},"line":40},"10":{"name":"_asyncToGenerator","decl":{"start":{"line":42,"column":9},"end":{"line":42,"column":26}},"loc":{"start":{"line":42,"column":31},"end":{"line":42,"column":389}},"line":42},"11":{"name":"(anonymous_11)","decl":{"start":{"line":42,"column":40},"end":{"line":42,"column":41}},"loc":{"start":{"line":42,"column":52},"end":{"line":42,"column":386}},"line":42},"12":{"name":"(anonymous_12)","decl":{"start":{"line":42,"column":108},"end":{"line":42,"column":109}},"loc":{"start":{"line":42,"column":135},"end":{"line":42,"column":382}},"line":42},"13":{"name":"_next","decl":{"start":{"line":42,"column":178},"end":{"line":42,"column":183}},"loc":{"start":{"line":42,"column":191},"end":{"line":42,"column":266}},"line":42},"14":{"name":"_throw","decl":{"start":{"line":42,"column":276},"end":{"line":42,"column":282}},"loc":{"start":{"line":42,"column":288},"end":{"line":42,"column":362}},"line":42},"15":{"name":"_classCallCheck","decl":{"start":{"line":44,"column":9},"end":{"line":44,"column":24}},"loc":{"start":{"line":44,"column":48},"end":{"line":44,"column":153}},"line":44},"16":{"name":"_defineProperties","decl":{"start":{"line":46,"column":9},"end":{"line":46,"column":26}},"loc":{"start":{"line":46,"column":42},"end":{"line":46,"column":317}},"line":46},"17":{"name":"_createClass","decl":{"start":{"line":48,"column":9},"end":{"line":48,"column":21}},"loc":{"start":{"line":48,"column":60},"end":{"line":48,"column":215}},"line":48},"18":{"name":"(anonymous_18)","decl":{"start":{"line":52,"column":24},"end":{"line":52,"column":25}},"loc":{"start":{"line":52,"column":36},"end":{"line":960,"column":1}},"line":52},"19":{"name":"User","decl":{"start":{"line":53,"column":11},"end":{"line":53,"column":15}},"loc":{"start":{"line":53,"column":18},"end":{"line":55,"column":3}},"line":53},"20":{"name":"(anonymous_20)","decl":{"start":{"line":59,"column":11},"end":{"line":59,"column":12}},"loc":{"start":{"line":59,"column":23},"end":{"line":216,"column":5}},"line":59},"21":{"name":"_callee","decl":{"start":{"line":60,"column":94},"end":{"line":60,"column":101}},"loc":{"start":{"line":60,"column":112},"end":{"line":209,"column":7}},"line":60},"22":{"name":"_callee$","decl":{"start":{"line":63,"column":48},"end":{"line":63,"column":56}},"loc":{"start":{"line":63,"column":67},"end":{"line":208,"column":9}},"line":63},"23":{"name":"signupConroller","decl":{"start":{"line":211,"column":15},"end":{"line":211,"column":30}},"loc":{"start":{"line":211,"column":40},"end":{"line":213,"column":7}},"line":211},"24":{"name":"(anonymous_24)","decl":{"start":{"line":219,"column":11},"end":{"line":219,"column":12}},"loc":{"start":{"line":219,"column":23},"end":{"line":322,"column":5}},"line":219},"25":{"name":"_callee2","decl":{"start":{"line":220,"column":104},"end":{"line":220,"column":112}},"loc":{"start":{"line":220,"column":123},"end":{"line":315,"column":7}},"line":220},"26":{"name":"_callee2$","decl":{"start":{"line":222,"column":48},"end":{"line":222,"column":57}},"loc":{"start":{"line":222,"column":69},"end":{"line":314,"column":9}},"line":222},"27":{"name":"verifyUserEmailController","decl":{"start":{"line":317,"column":15},"end":{"line":317,"column":40}},"loc":{"start":{"line":317,"column":51},"end":{"line":319,"column":7}},"line":317},"28":{"name":"(anonymous_28)","decl":{"start":{"line":325,"column":11},"end":{"line":325,"column":12}},"loc":{"start":{"line":325,"column":23},"end":{"line":386,"column":5}},"line":325},"29":{"name":"_callee3","decl":{"start":{"line":326,"column":104},"end":{"line":326,"column":112}},"loc":{"start":{"line":326,"column":123},"end":{"line":379,"column":7}},"line":326},"30":{"name":"_callee3$","decl":{"start":{"line":328,"column":48},"end":{"line":328,"column":57}},"loc":{"start":{"line":328,"column":69},"end":{"line":378,"column":9}},"line":328},"31":{"name":"verifyUserPhoneController","decl":{"start":{"line":381,"column":15},"end":{"line":381,"column":40}},"loc":{"start":{"line":381,"column":51},"end":{"line":383,"column":7}},"line":381},"32":{"name":"(anonymous_32)","decl":{"start":{"line":389,"column":11},"end":{"line":389,"column":12}},"loc":{"start":{"line":389,"column":23},"end":{"line":494,"column":5}},"line":389},"33":{"name":"_callee4","decl":{"start":{"line":390,"column":95},"end":{"line":390,"column":103}},"loc":{"start":{"line":390,"column":114},"end":{"line":487,"column":7}},"line":390},"34":{"name":"_callee4$","decl":{"start":{"line":393,"column":48},"end":{"line":393,"column":57}},"loc":{"start":{"line":393,"column":69},"end":{"line":486,"column":9}},"line":393},"35":{"name":"signInController","decl":{"start":{"line":489,"column":15},"end":{"line":489,"column":31}},"loc":{"start":{"line":489,"column":42},"end":{"line":491,"column":7}},"line":489},"36":{"name":"(anonymous_36)","decl":{"start":{"line":497,"column":11},"end":{"line":497,"column":12}},"loc":{"start":{"line":497,"column":23},"end":{"line":574,"column":5}},"line":497},"37":{"name":"_callee5","decl":{"start":{"line":498,"column":104},"end":{"line":498,"column":112}},"loc":{"start":{"line":498,"column":123},"end":{"line":567,"column":7}},"line":498},"38":{"name":"_callee5$","decl":{"start":{"line":501,"column":48},"end":{"line":501,"column":57}},"loc":{"start":{"line":501,"column":69},"end":{"line":566,"column":9}},"line":501},"39":{"name":"editUserProfileController","decl":{"start":{"line":569,"column":15},"end":{"line":569,"column":40}},"loc":{"start":{"line":569,"column":52},"end":{"line":571,"column":7}},"line":569},"40":{"name":"(anonymous_40)","decl":{"start":{"line":577,"column":11},"end":{"line":577,"column":12}},"loc":{"start":{"line":577,"column":23},"end":{"line":625,"column":5}},"line":577},"41":{"name":"_callee6","decl":{"start":{"line":578,"column":102},"end":{"line":578,"column":110}},"loc":{"start":{"line":578,"column":121},"end":{"line":618,"column":7}},"line":578},"42":{"name":"_callee6$","decl":{"start":{"line":581,"column":48},"end":{"line":581,"column":57}},"loc":{"start":{"line":581,"column":69},"end":{"line":617,"column":9}},"line":581},"43":{"name":"getSingleUserController","decl":{"start":{"line":620,"column":15},"end":{"line":620,"column":38}},"loc":{"start":{"line":620,"column":51},"end":{"line":622,"column":7}},"line":620},"44":{"name":"(anonymous_44)","decl":{"start":{"line":628,"column":11},"end":{"line":628,"column":12}},"loc":{"start":{"line":628,"column":23},"end":{"line":667,"column":5}},"line":628},"45":{"name":"_callee7","decl":{"start":{"line":629,"column":90},"end":{"line":629,"column":98}},"loc":{"start":{"line":629,"column":109},"end":{"line":660,"column":7}},"line":629},"46":{"name":"_callee7$","decl":{"start":{"line":631,"column":48},"end":{"line":631,"column":57}},"loc":{"start":{"line":631,"column":69},"end":{"line":659,"column":9}},"line":631},"47":{"name":"getAllUsers","decl":{"start":{"line":662,"column":15},"end":{"line":662,"column":26}},"loc":{"start":{"line":662,"column":39},"end":{"line":664,"column":7}},"line":662},"48":{"name":"(anonymous_48)","decl":{"start":{"line":670,"column":11},"end":{"line":670,"column":12}},"loc":{"start":{"line":670,"column":23},"end":{"line":785,"column":5}},"line":670},"49":{"name":"_callee8","decl":{"start":{"line":671,"column":99},"end":{"line":671,"column":107}},"loc":{"start":{"line":671,"column":118},"end":{"line":778,"column":7}},"line":671},"50":{"name":"_callee8$","decl":{"start":{"line":674,"column":48},"end":{"line":674,"column":57}},"loc":{"start":{"line":674,"column":69},"end":{"line":777,"column":9}},"line":674},"51":{"name":"resetPasswordRequest","decl":{"start":{"line":780,"column":15},"end":{"line":780,"column":35}},"loc":{"start":{"line":780,"column":48},"end":{"line":782,"column":7}},"line":780},"52":{"name":"(anonymous_52)","decl":{"start":{"line":788,"column":11},"end":{"line":788,"column":12}},"loc":{"start":{"line":788,"column":23},"end":{"line":848,"column":5}},"line":788},"53":{"name":"_callee9","decl":{"start":{"line":789,"column":102},"end":{"line":789,"column":110}},"loc":{"start":{"line":789,"column":121},"end":{"line":841,"column":7}},"line":789},"54":{"name":"_callee9$","decl":{"start":{"line":792,"column":48},"end":{"line":792,"column":57}},"loc":{"start":{"line":792,"column":69},"end":{"line":840,"column":9}},"line":792},"55":{"name":"verifyResetEmailRequest","decl":{"start":{"line":843,"column":15},"end":{"line":843,"column":38}},"loc":{"start":{"line":843,"column":51},"end":{"line":845,"column":7}},"line":843},"56":{"name":"(anonymous_56)","decl":{"start":{"line":851,"column":11},"end":{"line":851,"column":12}},"loc":{"start":{"line":851,"column":23},"end":{"line":914,"column":5}},"line":851},"57":{"name":"_callee10","decl":{"start":{"line":852,"column":100},"end":{"line":852,"column":109}},"loc":{"start":{"line":852,"column":120},"end":{"line":907,"column":7}},"line":852},"58":{"name":"_callee10$","decl":{"start":{"line":855,"column":48},"end":{"line":855,"column":58}},"loc":{"start":{"line":855,"column":71},"end":{"line":906,"column":9}},"line":855},"59":{"name":"verifyResetSmsRequest","decl":{"start":{"line":909,"column":15},"end":{"line":909,"column":36}},"loc":{"start":{"line":909,"column":49},"end":{"line":911,"column":7}},"line":909},"60":{"name":"(anonymous_60)","decl":{"start":{"line":917,"column":11},"end":{"line":917,"column":12}},"loc":{"start":{"line":917,"column":23},"end":{"line":956,"column":5}},"line":917},"61":{"name":"_callee11","decl":{"start":{"line":918,"column":96},"end":{"line":918,"column":105}},"loc":{"start":{"line":918,"column":116},"end":{"line":949,"column":7}},"line":918},"62":{"name":"_callee11$","decl":{"start":{"line":920,"column":48},"end":{"line":920,"column":58}},"loc":{"start":{"line":920,"column":71},"end":{"line":948,"column":9}},"line":920},"63":{"name":"deleteUserAccount","decl":{"start":{"line":951,"column":15},"end":{"line":951,"column":32}},"loc":{"start":{"line":951,"column":45},"end":{"line":953,"column":7}},"line":951}},"branchMap":{"0":{"loc":{"start":{"line":22,"column":46},"end":{"line":22,"column":94}},"type":"cond-expr","locations":[{"start":{"line":22,"column":70},"end":{"line":22,"column":73}},{"start":{"line":22,"column":76},"end":{"line":22,"column":94}}],"line":22},"1":{"loc":{"start":{"line":22,"column":46},"end":{"line":22,"column":67}},"type":"binary-expr","locations":[{"start":{"line":22,"column":46},"end":{"line":22,"column":49}},{"start":{"line":22,"column":53},"end":{"line":22,"column":67}}],"line":22},"2":{"loc":{"start":{"line":24,"column":54},"end":{"line":24,"column":84}},"type":"if","locations":[{"start":{"line":24,"column":54},"end":{"line":24,"column":84}},{"start":{"line":24,"column":54},"end":{"line":24,"column":84}}],"line":24},"3":{"loc":{"start":{"line":24,"column":159},"end":{"line":24,"column":475}},"type":"if","locations":[{"start":{"line":24,"column":159},"end":{"line":24,"column":475}},{"start":{"line":24,"column":159},"end":{"line":24,"column":475}}],"line":24},"4":{"loc":{"start":{"line":24,"column":331},"end":{"line":24,"column":372}},"type":"if","locations":[{"start":{"line":24,"column":331},"end":{"line":24,"column":372}},{"start":{"line":24,"column":331},"end":{"line":24,"column":372}}],"line":24},"5":{"loc":{"start":{"line":24,"column":373},"end":{"line":24,"column":444}},"type":"if","locations":[{"start":{"line":24,"column":373},"end":{"line":24,"column":444}},{"start":{"line":24,"column":373},"end":{"line":24,"column":444}}],"line":24},"6":{"loc":{"start":{"line":26,"column":59},"end":{"line":26,"column":89}},"type":"if","locations":[{"start":{"line":26,"column":59},"end":{"line":26,"column":89}},{"start":{"line":26,"column":59},"end":{"line":26,"column":89}}],"line":26},"7":{"loc":{"start":{"line":26,"column":220},"end":{"line":26,"column":261}},"type":"if","locations":[{"start":{"line":26,"column":220},"end":{"line":26,"column":261}},{"start":{"line":26,"column":220},"end":{"line":26,"column":261}}],"line":26},"8":{"loc":{"start":{"line":28,"column":41},"end":{"line":28,"column":155}},"type":"binary-expr","locations":[{"start":{"line":28,"column":41},"end":{"line":28,"column":61}},{"start":{"line":28,"column":65},"end":{"line":28,"column":94}},{"start":{"line":28,"column":98},"end":{"line":28,"column":133}},{"start":{"line":28,"column":137},"end":{"line":28,"column":155}}],"line":28},"9":{"loc":{"start":{"line":32,"column":50},"end":{"line":32,"column":65}},"type":"if","locations":[{"start":{"line":32,"column":50},"end":{"line":32,"column":65}},{"start":{"line":32,"column":50},"end":{"line":32,"column":65}}],"line":32},"10":{"loc":{"start":{"line":32,"column":66},"end":{"line":32,"column":129}},"type":"if","locations":[{"start":{"line":32,"column":66},"end":{"line":32,"column":129}},{"start":{"line":32,"column":66},"end":{"line":32,"column":129}}],"line":32},"11":{"loc":{"start":{"line":32,"column":186},"end":{"line":32,"column":246}},"type":"if","locations":[{"start":{"line":32,"column":186},"end":{"line":32,"column":246}},{"start":{"line":32,"column":186},"end":{"line":32,"column":246}}],"line":32},"12":{"loc":{"start":{"line":32,"column":190},"end":{"line":32,"column":221}},"type":"binary-expr","locations":[{"start":{"line":32,"column":190},"end":{"line":32,"column":204}},{"start":{"line":32,"column":208},"end":{"line":32,"column":221}}],"line":32},"13":{"loc":{"start":{"line":32,"column":247},"end":{"line":32,"column":300}},"type":"if","locations":[{"start":{"line":32,"column":247},"end":{"line":32,"column":300}},{"start":{"line":32,"column":247},"end":{"line":32,"column":300}}],"line":32},"14":{"loc":{"start":{"line":32,"column":251},"end":{"line":32,"column":277}},"type":"binary-expr","locations":[{"start":{"line":32,"column":251},"end":{"line":32,"column":262}},{"start":{"line":32,"column":266},"end":{"line":32,"column":277}}],"line":32},"15":{"loc":{"start":{"line":32,"column":301},"end":{"line":32,"column":414}},"type":"if","locations":[{"start":{"line":32,"column":301},"end":{"line":32,"column":414}},{"start":{"line":32,"column":301},"end":{"line":32,"column":414}}],"line":32},"16":{"loc":{"start":{"line":32,"column":305},"end":{"line":32,"column":376}},"type":"binary-expr","locations":[{"start":{"line":32,"column":305},"end":{"line":32,"column":322}},{"start":{"line":32,"column":326},"end":{"line":32,"column":376}}],"line":32},"17":{"loc":{"start":{"line":34,"column":39},"end":{"line":34,"column":93}},"type":"if","locations":[{"start":{"line":34,"column":39},"end":{"line":34,"column":93}},{"start":{"line":34,"column":39},"end":{"line":34,"column":93}}],"line":34},"18":{"loc":{"start":{"line":34,"column":43},"end":{"line":34,"column":74}},"type":"binary-expr","locations":[{"start":{"line":34,"column":43},"end":{"line":34,"column":54}},{"start":{"line":34,"column":58},"end":{"line":34,"column":74}}],"line":34},"19":{"loc":{"start":{"line":36,"column":41},"end":{"line":36,"column":120}},"type":"if","locations":[{"start":{"line":36,"column":41},"end":{"line":36,"column":120}},{"start":{"line":36,"column":41},"end":{"line":36,"column":120}}],"line":36},"20":{"loc":{"start":{"line":36,"column":45},"end":{"line":36,"column":111}},"type":"binary-expr","locations":[{"start":{"line":36,"column":45},"end":{"line":36,"column":74}},{"start":{"line":36,"column":78},"end":{"line":36,"column":111}}],"line":36},"21":{"loc":{"start":{"line":36,"column":300},"end":{"line":36,"column":334}},"type":"if","locations":[{"start":{"line":36,"column":300},"end":{"line":36,"column":334}},{"start":{"line":36,"column":300},"end":{"line":36,"column":334}}],"line":36},"22":{"loc":{"start":{"line":36,"column":304},"end":{"line":36,"column":326}},"type":"binary-expr","locations":[{"start":{"line":36,"column":304},"end":{"line":36,"column":305}},{"start":{"line":36,"column":309},"end":{"line":36,"column":326}}],"line":36},"23":{"loc":{"start":{"line":36,"column":392},"end":{"line":36,"column":440}},"type":"if","locations":[{"start":{"line":36,"column":392},"end":{"line":36,"column":440}},{"start":{"line":36,"column":392},"end":{"line":36,"column":440}}],"line":36},"24":{"loc":{"start":{"line":36,"column":396},"end":{"line":36,"column":423}},"type":"binary-expr","locations":[{"start":{"line":36,"column":396},"end":{"line":36,"column":399}},{"start":{"line":36,"column":403},"end":{"line":36,"column":423}}],"line":36},"25":{"loc":{"start":{"line":36,"column":453},"end":{"line":36,"column":470}},"type":"if","locations":[{"start":{"line":36,"column":453},"end":{"line":36,"column":470}},{"start":{"line":36,"column":453},"end":{"line":36,"column":470}}],"line":36},"26":{"loc":{"start":{"line":38,"column":32},"end":{"line":38,"column":67}},"type":"if","locations":[{"start":{"line":38,"column":32},"end":{"line":38,"column":67}},{"start":{"line":38,"column":32},"end":{"line":38,"column":67}}],"line":38},"27":{"loc":{"start":{"line":40,"column":176},"end":{"line":40,"column":263}},"type":"if","locations":[{"start":{"line":40,"column":176},"end":{"line":40,"column":263}},{"start":{"line":40,"column":176},"end":{"line":40,"column":263}}],"line":40},"28":{"loc":{"start":{"line":44,"column":50},"end":{"line":44,"column":151}},"type":"if","locations":[{"start":{"line":44,"column":50},"end":{"line":44,"column":151}},{"start":{"line":44,"column":50},"end":{"line":44,"column":151}}],"line":44},"29":{"loc":{"start":{"line":46,"column":136},"end":{"line":46,"column":166}},"type":"binary-expr","locations":[{"start":{"line":46,"column":136},"end":{"line":46,"column":157}},{"start":{"line":46,"column":161},"end":{"line":46,"column":166}}],"line":46},"30":{"loc":{"start":{"line":46,"column":200},"end":{"line":46,"column":254}},"type":"if","locations":[{"start":{"line":46,"column":200},"end":{"line":46,"column":254}},{"start":{"line":46,"column":200},"end":{"line":46,"column":254}}],"line":46},"31":{"loc":{"start":{"line":48,"column":62},"end":{"line":48,"column":131}},"type":"if","locations":[{"start":{"line":48,"column":62},"end":{"line":48,"column":131}},{"start":{"line":48,"column":62},"end":{"line":48,"column":131}}],"line":48},"32":{"loc":{"start":{"line":48,"column":132},"end":{"line":48,"column":193}},"type":"if","locations":[{"start":{"line":48,"column":132},"end":{"line":48,"column":193}},{"start":{"line":48,"column":132},"end":{"line":48,"column":193}}],"line":48},"33":{"loc":{"start":{"line":65,"column":12},"end":{"line":206,"column":13}},"type":"switch","locations":[{"start":{"line":66,"column":14},"end":{"line":78,"column":20}},{"start":{"line":80,"column":14},"end":{"line":97,"column":20}},{"start":{"line":99,"column":14},"end":{"line":108,"column":19}},{"start":{"line":110,"column":14},"end":{"line":121,"column":20}},{"start":{"line":123,"column":14},"end":{"line":137,"column":20}},{"start":{"line":139,"column":14},"end":{"line":152,"column":20}},{"start":{"line":154,"column":14},"end":{"line":163,"column":19}},{"start":{"line":165,"column":14},"end":{"line":176,"column":20}},{"start":{"line":178,"column":14},"end":{"line":180,"column":76}},{"start":{"line":182,"column":14},"end":{"line":193,"column":20}},{"start":{"line":195,"column":14},"end":{"line":201,"column":20}},{"start":{"line":203,"column":14},"end":{"line":203,"column":22}},{"start":{"line":204,"column":14},"end":{"line":205,"column":39}}],"line":65},"34":{"loc":{"start":{"line":70,"column":16},"end":{"line":73,"column":17}},"type":"if","locations":[{"start":{"line":70,"column":16},"end":{"line":73,"column":17}},{"start":{"line":70,"column":16},"end":{"line":73,"column":17}}],"line":70},"35":{"loc":{"start":{"line":70,"column":22},"end":{"line":70,"column":46}},"type":"binary-expr","locations":[{"start":{"line":70,"column":22},"end":{"line":70,"column":32}},{"start":{"line":70,"column":36},"end":{"line":70,"column":46}}],"line":70},"36":{"loc":{"start":{"line":81,"column":16},"end":{"line":84,"column":17}},"type":"if","locations":[{"start":{"line":81,"column":16},"end":{"line":84,"column":17}},{"start":{"line":81,"column":16},"end":{"line":84,"column":17}}],"line":81},"37":{"loc":{"start":{"line":89,"column":16},"end":{"line":92,"column":17}},"type":"if","locations":[{"start":{"line":89,"column":16},"end":{"line":92,"column":17}},{"start":{"line":89,"column":16},"end":{"line":92,"column":17}}],"line":89},"38":{"loc":{"start":{"line":113,"column":16},"end":{"line":116,"column":17}},"type":"if","locations":[{"start":{"line":113,"column":16},"end":{"line":116,"column":17}},{"start":{"line":113,"column":16},"end":{"line":116,"column":17}}],"line":113},"39":{"loc":{"start":{"line":144,"column":16},"end":{"line":147,"column":17}},"type":"if","locations":[{"start":{"line":144,"column":16},"end":{"line":147,"column":17}},{"start":{"line":144,"column":16},"end":{"line":147,"column":17}}],"line":144},"40":{"loc":{"start":{"line":168,"column":16},"end":{"line":171,"column":17}},"type":"if","locations":[{"start":{"line":168,"column":16},"end":{"line":171,"column":17}},{"start":{"line":168,"column":16},"end":{"line":171,"column":17}}],"line":168},"41":{"loc":{"start":{"line":224,"column":12},"end":{"line":312,"column":13}},"type":"switch","locations":[{"start":{"line":225,"column":14},"end":{"line":237,"column":84}},{"start":{"line":239,"column":14},"end":{"line":250,"column":20}},{"start":{"line":252,"column":14},"end":{"line":253,"column":50}},{"start":{"line":255,"column":14},"end":{"line":260,"column":19}},{"start":{"line":262,"column":14},"end":{"line":273,"column":20}},{"start":{"line":275,"column":14},"end":{"line":284,"column":20}},{"start":{"line":286,"column":14},"end":{"line":292,"column":19}},{"start":{"line":294,"column":14},"end":{"line":299,"column":20}},{"start":{"line":301,"column":14},"end":{"line":307,"column":20}},{"start":{"line":309,"column":14},"end":{"line":309,"column":22}},{"start":{"line":310,"column":14},"end":{"line":311,"column":40}}],"line":224},"42":{"loc":{"start":{"line":231,"column":16},"end":{"line":234,"column":17}},"type":"if","locations":[{"start":{"line":231,"column":16},"end":{"line":234,"column":17}},{"start":{"line":231,"column":16},"end":{"line":234,"column":17}}],"line":231},"43":{"loc":{"start":{"line":242,"column":16},"end":{"line":245,"column":17}},"type":"if","locations":[{"start":{"line":242,"column":16},"end":{"line":245,"column":17}},{"start":{"line":242,"column":16},"end":{"line":245,"column":17}}],"line":242},"44":{"loc":{"start":{"line":258,"column":29},"end":{"line":258,"column":57}},"type":"binary-expr","locations":[{"start":{"line":258,"column":29},"end":{"line":258,"column":51}},{"start":{"line":258,"column":55},"end":{"line":258,"column":57}}],"line":258},"45":{"loc":{"start":{"line":265,"column":16},"end":{"line":268,"column":17}},"type":"if","locations":[{"start":{"line":265,"column":16},"end":{"line":268,"column":17}},{"start":{"line":265,"column":16},"end":{"line":268,"column":17}}],"line":265},"46":{"loc":{"start":{"line":276,"column":16},"end":{"line":279,"column":17}},"type":"if","locations":[{"start":{"line":276,"column":16},"end":{"line":279,"column":17}},{"start":{"line":276,"column":16},"end":{"line":279,"column":17}}],"line":276},"47":{"loc":{"start":{"line":330,"column":12},"end":{"line":376,"column":13}},"type":"switch","locations":[{"start":{"line":331,"column":14},"end":{"line":336,"column":70}},{"start":{"line":338,"column":14},"end":{"line":349,"column":20}},{"start":{"line":351,"column":14},"end":{"line":357,"column":19}},{"start":{"line":359,"column":14},"end":{"line":363,"column":20}},{"start":{"line":365,"column":14},"end":{"line":371,"column":20}},{"start":{"line":373,"column":14},"end":{"line":373,"column":22}},{"start":{"line":374,"column":14},"end":{"line":375,"column":40}}],"line":330},"48":{"loc":{"start":{"line":341,"column":16},"end":{"line":344,"column":17}},"type":"if","locations":[{"start":{"line":341,"column":16},"end":{"line":344,"column":17}},{"start":{"line":341,"column":16},"end":{"line":344,"column":17}}],"line":341},"49":{"loc":{"start":{"line":395,"column":12},"end":{"line":484,"column":13}},"type":"switch","locations":[{"start":{"line":396,"column":14},"end":{"line":410,"column":20}},{"start":{"line":412,"column":14},"end":{"line":417,"column":19}},{"start":{"line":419,"column":14},"end":{"line":430,"column":20}},{"start":{"line":432,"column":14},"end":{"line":441,"column":20}},{"start":{"line":443,"column":14},"end":{"line":454,"column":20}},{"start":{"line":456,"column":14},"end":{"line":471,"column":20}},{"start":{"line":473,"column":14},"end":{"line":479,"column":20}},{"start":{"line":481,"column":14},"end":{"line":481,"column":22}},{"start":{"line":482,"column":14},"end":{"line":483,"column":40}}],"line":395},"50":{"loc":{"start":{"line":402,"column":16},"end":{"line":405,"column":17}},"type":"if","locations":[{"start":{"line":402,"column":16},"end":{"line":405,"column":17}},{"start":{"line":402,"column":16},"end":{"line":405,"column":17}}],"line":402},"51":{"loc":{"start":{"line":422,"column":16},"end":{"line":425,"column":17}},"type":"if","locations":[{"start":{"line":422,"column":16},"end":{"line":425,"column":17}},{"start":{"line":422,"column":16},"end":{"line":425,"column":17}}],"line":422},"52":{"loc":{"start":{"line":433,"column":16},"end":{"line":436,"column":17}},"type":"if","locations":[{"start":{"line":433,"column":16},"end":{"line":436,"column":17}},{"start":{"line":433,"column":16},"end":{"line":436,"column":17}}],"line":433},"53":{"loc":{"start":{"line":446,"column":16},"end":{"line":449,"column":17}},"type":"if","locations":[{"start":{"line":446,"column":16},"end":{"line":449,"column":17}},{"start":{"line":446,"column":16},"end":{"line":449,"column":17}}],"line":446},"54":{"loc":{"start":{"line":461,"column":25},"end":{"line":461,"column":49}},"type":"binary-expr","locations":[{"start":{"line":461,"column":25},"end":{"line":461,"column":41}},{"start":{"line":461,"column":45},"end":{"line":461,"column":49}}],"line":461},"55":{"loc":{"start":{"line":462,"column":25},"end":{"line":462,"column":49}},"type":"binary-expr","locations":[{"start":{"line":462,"column":25},"end":{"line":462,"column":41}},{"start":{"line":462,"column":45},"end":{"line":462,"column":49}}],"line":462},"56":{"loc":{"start":{"line":503,"column":12},"end":{"line":564,"column":13}},"type":"switch","locations":[{"start":{"line":504,"column":14},"end":{"line":511,"column":19}},{"start":{"line":513,"column":14},"end":{"line":524,"column":20}},{"start":{"line":526,"column":14},"end":{"line":535,"column":20}},{"start":{"line":537,"column":14},"end":{"line":541,"column":29}},{"start":{"line":543,"column":14},"end":{"line":551,"column":20}},{"start":{"line":553,"column":14},"end":{"line":559,"column":20}},{"start":{"line":561,"column":14},"end":{"line":561,"column":22}},{"start":{"line":562,"column":14},"end":{"line":563,"column":40}}],"line":503},"57":{"loc":{"start":{"line":516,"column":16},"end":{"line":519,"column":17}},"type":"if","locations":[{"start":{"line":516,"column":16},"end":{"line":519,"column":17}},{"start":{"line":516,"column":16},"end":{"line":519,"column":17}}],"line":516},"58":{"loc":{"start":{"line":527,"column":16},"end":{"line":530,"column":17}},"type":"if","locations":[{"start":{"line":527,"column":16},"end":{"line":530,"column":17}},{"start":{"line":527,"column":16},"end":{"line":530,"column":17}}],"line":527},"59":{"loc":{"start":{"line":527,"column":22},"end":{"line":527,"column":96}},"type":"binary-expr","locations":[{"start":{"line":527,"column":22},"end":{"line":527,"column":27}},{"start":{"line":527,"column":31},"end":{"line":527,"column":57}},{"start":{"line":527,"column":61},"end":{"line":527,"column":66}},{"start":{"line":527,"column":70},"end":{"line":527,"column":96}}],"line":527},"60":{"loc":{"start":{"line":583,"column":12},"end":{"line":615,"column":13}},"type":"switch","locations":[{"start":{"line":584,"column":14},"end":{"line":589,"column":19}},{"start":{"line":591,"column":14},"end":{"line":602,"column":20}},{"start":{"line":604,"column":14},"end":{"line":610,"column":20}},{"start":{"line":612,"column":14},"end":{"line":612,"column":21}},{"start":{"line":613,"column":14},"end":{"line":614,"column":40}}],"line":583},"61":{"loc":{"start":{"line":594,"column":16},"end":{"line":597,"column":17}},"type":"if","locations":[{"start":{"line":594,"column":16},"end":{"line":597,"column":17}},{"start":{"line":594,"column":16},"end":{"line":597,"column":17}}],"line":594},"62":{"loc":{"start":{"line":633,"column":12},"end":{"line":657,"column":13}},"type":"switch","locations":[{"start":{"line":634,"column":14},"end":{"line":637,"column":63}},{"start":{"line":639,"column":14},"end":{"line":644,"column":20}},{"start":{"line":646,"column":14},"end":{"line":652,"column":20}},{"start":{"line":654,"column":14},"end":{"line":654,"column":22}},{"start":{"line":655,"column":14},"end":{"line":656,"column":40}}],"line":633},"63":{"loc":{"start":{"line":676,"column":12},"end":{"line":775,"column":13}},"type":"switch","locations":[{"start":{"line":677,"column":14},"end":{"line":689,"column":19}},{"start":{"line":691,"column":14},"end":{"line":702,"column":20}},{"start":{"line":704,"column":14},"end":{"line":713,"column":20}},{"start":{"line":715,"column":14},"end":{"line":725,"column":20}},{"start":{"line":727,"column":14},"end":{"line":731,"column":19}},{"start":{"line":733,"column":14},"end":{"line":744,"column":20}},{"start":{"line":746,"column":14},"end":{"line":755,"column":20}},{"start":{"line":757,"column":14},"end":{"line":762,"column":20}},{"start":{"line":764,"column":14},"end":{"line":770,"column":20}},{"start":{"line":772,"column":14},"end":{"line":772,"column":22}},{"start":{"line":773,"column":14},"end":{"line":774,"column":40}}],"line":676},"64":{"loc":{"start":{"line":681,"column":16},"end":{"line":684,"column":17}},"type":"if","locations":[{"start":{"line":681,"column":16},"end":{"line":684,"column":17}},{"start":{"line":681,"column":16},"end":{"line":684,"column":17}}],"line":681},"65":{"loc":{"start":{"line":694,"column":16},"end":{"line":697,"column":17}},"type":"if","locations":[{"start":{"line":694,"column":16},"end":{"line":697,"column":17}},{"start":{"line":694,"column":16},"end":{"line":697,"column":17}}],"line":694},"66":{"loc":{"start":{"line":705,"column":16},"end":{"line":708,"column":17}},"type":"if","locations":[{"start":{"line":705,"column":16},"end":{"line":708,"column":17}},{"start":{"line":705,"column":16},"end":{"line":708,"column":17}}],"line":705},"67":{"loc":{"start":{"line":736,"column":16},"end":{"line":739,"column":17}},"type":"if","locations":[{"start":{"line":736,"column":16},"end":{"line":739,"column":17}},{"start":{"line":736,"column":16},"end":{"line":739,"column":17}}],"line":736},"68":{"loc":{"start":{"line":747,"column":16},"end":{"line":750,"column":17}},"type":"if","locations":[{"start":{"line":747,"column":16},"end":{"line":750,"column":17}},{"start":{"line":747,"column":16},"end":{"line":750,"column":17}}],"line":747},"69":{"loc":{"start":{"line":794,"column":12},"end":{"line":838,"column":13}},"type":"switch","locations":[{"start":{"line":795,"column":14},"end":{"line":810,"column":20}},{"start":{"line":812,"column":14},"end":{"line":819,"column":19}},{"start":{"line":821,"column":14},"end":{"line":825,"column":20}},{"start":{"line":827,"column":14},"end":{"line":833,"column":20}},{"start":{"line":835,"column":14},"end":{"line":835,"column":22}},{"start":{"line":836,"column":14},"end":{"line":837,"column":40}}],"line":794},"70":{"loc":{"start":{"line":802,"column":16},"end":{"line":805,"column":17}},"type":"if","locations":[{"start":{"line":802,"column":16},"end":{"line":805,"column":17}},{"start":{"line":802,"column":16},"end":{"line":805,"column":17}}],"line":802},"71":{"loc":{"start":{"line":857,"column":12},"end":{"line":904,"column":13}},"type":"switch","locations":[{"start":{"line":858,"column":14},"end":{"line":863,"column":70}},{"start":{"line":865,"column":14},"end":{"line":876,"column":20}},{"start":{"line":878,"column":14},"end":{"line":885,"column":19}},{"start":{"line":887,"column":14},"end":{"line":891,"column":20}},{"start":{"line":893,"column":14},"end":{"line":899,"column":20}},{"start":{"line":901,"column":14},"end":{"line":901,"column":22}},{"start":{"line":902,"column":14},"end":{"line":903,"column":41}}],"line":857},"72":{"loc":{"start":{"line":868,"column":16},"end":{"line":871,"column":17}},"type":"if","locations":[{"start":{"line":868,"column":16},"end":{"line":871,"column":17}},{"start":{"line":868,"column":16},"end":{"line":871,"column":17}}],"line":868},"73":{"loc":{"start":{"line":922,"column":12},"end":{"line":946,"column":13}},"type":"switch","locations":[{"start":{"line":923,"column":14},"end":{"line":927,"column":71}},{"start":{"line":929,"column":14},"end":{"line":933,"column":20}},{"start":{"line":935,"column":14},"end":{"line":941,"column":20}},{"start":{"line":943,"column":14},"end":{"line":943,"column":22}},{"start":{"line":944,"column":14},"end":{"line":945,"column":41}}],"line":922}},"s":{"0":1,"1":1,"2":1,"3":1,"4":1,"5":1,"6":1,"7":1,"8":1,"9":4,"10":0,"11":0,"12":0,"13":0,"14":0,"15":0,"16":0,"17":0,"18":0,"19":0,"20":0,"21":0,"22":0,"23":0,"24":0,"25":0,"26":0,"27":0,"28":0,"29":0,"30":0,"31":0,"32":0,"33":0,"34":0,"35":0,"36":0,"37":0,"38":0,"39":0,"40":0,"41":0,"42":0,"43":0,"44":0,"45":0,"46":0,"47":0,"48":0,"49":0,"50":0,"51":0,"52":0,"53":0,"54":0,"55":0,"56":0,"57":0,"58":0,"59":0,"60":0,"61":0,"62":0,"63":0,"64":0,"65":0,"66":0,"67":0,"68":0,"69":0,"70":0,"71":0,"72":0,"73":0,"74":0,"75":4,"76":4,"77":4,"78":0,"79":0,"80":4,"81":3,"82":1,"83":11,"84":3,"85":3,"86":3,"87":3,"88":4,"89":0,"90":3,"91":0,"92":0,"93":1,"94":1,"95":11,"96":11,"97":11,"98":11,"99":11,"100":11,"101":1,"102":0,"103":1,"104":1,"105":1,"106":1,"107":1,"108":0,"109":1,"110":1,"111":3,"112":7,"113":11,"114":3,"115":3,"116":3,"117":2,"118":2,"119":1,"120":2,"121":0,"122":0,"123":2,"124":2,"125":2,"126":1,"127":1,"128":1,"129":1,"130":1,"131":1,"132":1,"133":1,"134":1,"135":1,"136":0,"137":1,"138":1,"139":1,"140":0,"141":0,"142":0,"143":0,"144":0,"145":0,"146":0,"147":0,"148":0,"149":0,"150":0,"151":0,"152":0,"153":0,"154":0,"155":0,"156":0,"157":0,"158":0,"159":0,"160":0,"161":3,"162":3,"163":1,"164":1,"165":0,"166":0,"167":0,"168":0,"169":0,"170":0,"171":0,"172":0,"173":0,"174":0,"175":0,"176":0,"177":0,"178":0,"179":0,"180":0,"181":0,"182":0,"183":0,"184":0,"185":0,"186":0,"187":0,"188":0,"189":0,"190":0,"191":0,"192":0,"193":0,"194":0,"195":0,"196":0,"197":0,"198":0,"199":0,"200":0,"201":0,"202":0,"203":1,"204":1,"205":0,"206":0,"207":0,"208":0,"209":0,"210":0,"211":0,"212":0,"213":0,"214":0,"215":0,"216":0,"217":0,"218":0,"219":0,"220":0,"221":0,"222":0,"223":0,"224":0,"225":0,"226":1,"227":1,"228":0,"229":0,"230":0,"231":0,"232":0,"233":0,"234":0,"235":0,"236":0,"237":0,"238":0,"239":0,"240":0,"241":0,"242":0,"243":0,"244":0,"245":0,"246":0,"247":0,"248":0,"249":0,"250":0,"251":0,"252":0,"253":0,"254":0,"255":0,"256":0,"257":0,"258":0,"259":0,"260":0,"261":0,"262":1,"263":1,"264":0,"265":0,"266":0,"267":0,"268":0,"269":0,"270":0,"271":0,"272":0,"273":0,"274":0,"275":0,"276":0,"277":0,"278":0,"279":0,"280":0,"281":0,"282":0,"283":0,"284":0,"285":0,"286":0,"287":0,"288":0,"289":0,"290":0,"291":0,"292":1,"293":1,"294":0,"295":0,"296":0,"297":0,"298":0,"299":0,"300":0,"301":0,"302":0,"303":0,"304":0,"305":0,"306":0,"307":0,"308":0,"309":1,"310":1,"311":0,"312":0,"313":0,"314":0,"315":0,"316":0,"317":0,"318":0,"319":0,"320":0,"321":0,"322":0,"323":0,"324":1,"325":1,"326":0,"327":0,"328":0,"329":0,"330":0,"331":0,"332":0,"333":0,"334":0,"335":0,"336":0,"337":0,"338":0,"339":0,"340":0,"341":0,"342":0,"343":0,"344":0,"345":0,"346":0,"347":0,"348":0,"349":0,"350":0,"351":0,"352":0,"353":0,"354":0,"355":0,"356":0,"357":0,"358":0,"359":0,"360":0,"361":0,"362":0,"363":0,"364":0,"365":0,"366":1,"367":1,"368":0,"369":0,"370":0,"371":0,"372":0,"373":0,"374":0,"375":0,"376":0,"377":0,"378":0,"379":0,"380":0,"381":0,"382":0,"383":0,"384":0,"385":0,"386":0,"387":0,"388":0,"389":1,"390":1,"391":0,"392":0,"393":0,"394":0,"395":0,"396":0,"397":0,"398":0,"399":0,"400":0,"401":0,"402":0,"403":0,"404":0,"405":0,"406":0,"407":0,"408":0,"409":0,"410":0,"411":0,"412":0,"413":1,"414":1,"415":0,"416":0,"417":0,"418":0,"419":0,"420":0,"421":0,"422":0,"423":0,"424":0,"425":0,"426":0,"427":0,"428":1,"429":1,"430":1,"431":1},"f":{"0":4,"1":0,"2":0,"3":0,"4":0,"5":0,"6":0,"7":0,"8":0,"9":4,"10":11,"11":3,"12":3,"13":4,"14":0,"15":0,"16":1,"17":1,"18":1,"19":0,"20":1,"21":3,"22":7,"23":3,"24":1,"25":0,"26":0,"27":0,"28":1,"29":0,"30":0,"31":0,"32":1,"33":0,"34":0,"35":0,"36":1,"37":0,"38":0,"39":0,"40":1,"41":0,"42":0,"43":0,"44":1,"45":0,"46":0,"47":0,"48":1,"49":0,"50":0,"51":0,"52":1,"53":0,"54":0,"55":0,"56":1,"57":0,"58":0,"59":0,"60":1,"61":0,"62":0,"63":0},"b":{"0":[2,2],"1":[4,4],"2":[0,0],"3":[0,0],"4":[0,0],"5":[0,0],"6":[0,0],"7":[0,0],"8":[0,0,0,0],"9":[0,0],"10":[0,0],"11":[0,0],"12":[0,0],"13":[0,0],"14":[0,0],"15":[0,0],"16":[0,0],"17":[0,0],"18":[0,0],"19":[0,0],"20":[0,0],"21":[0,0],"22":[0,0],"23":[0,0],"24":[0,0],"25":[0,0],"26":[0,0],"27":[3,1],"28":[0,0],"29":[11,11],"30":[11,0],"31":[0,1],"32":[1,0],"33":[3,2,1,1,1,0,0,0,0,0,0,0,3],"34":[2,1],"35":[3,1],"36":[0,2],"37":[1,1],"38":[1,0],"39":[0,0],"40":[0,0],"41":[0,0,0,0,0,0,0,0,0,0,0],"42":[0,0],"43":[0,0],"44":[0,0],"45":[0,0],"46":[0,0],"47":[0,0,0,0,0,0,0],"48":[0,0],"49":[0,0,0,0,0,0,0,0,0],"50":[0,0],"51":[0,0],"52":[0,0],"53":[0,0],"54":[0,0],"55":[0,0],"56":[0,0,0,0,0,0,0,0],"57":[0,0],"58":[0,0],"59":[0,0,0,0],"60":[0,0,0,0,0],"61":[0,0],"62":[0,0,0,0,0],"63":[0,0,0,0,0,0,0,0,0
[...]
},"3":{"name":"(anonymous_3)","decl":{"start":{"line":14,"column":108},"end":{"line":14,"column":109}},"loc":{"start":{"line":14,"column":135},"end":{"line":14,"column":382}},"line":14},"4":{"name":"_next","decl":{"start":{"line":14,"column":178},"end":{"line":14,"column":183}},"loc":{"start":{"line":14,"column":191},"end":{"line":14,"column":266}},"line":14},"5":{"name":"_throw","decl":{"start":{"line":14,"column":276},"end":{"line":14,"column":282}},"loc":{"start":{"line":14,"column":288},"end":{"line":14,"column":362}},"line":14},"6":{"name":"(anonymous_6)","decl":{"start":{"line":19,"column":27},"end":{"line":19,"column":28}},"loc":{"start":{"line":19,"column":39},"end":{"line":42,"column":1}},"line":19},"7":{"name":"_callee","decl":{"start":{"line":20,"column":78},"end":{"line":20,"column":85}},"loc":{"start":{"line":20,"column":99},"end":{"line":37,"column":3}},"line":20},"8":{"name":"_callee$","decl":{"start":{"line":21,"column":44},"end":{"line":21,"column":52}},"loc":{"start":{"line":21,"column":63},"end":{"line":36,"column":5}},"line":21},"9":{"name":"sendSms","decl":{"start":{"line":39,"column":18},"end":{"line":39,"column":25}},"loc":{"start":{"line":39,"column":35},"end":{"line":41,"column":3}},"line":39},"10":{"name":"(anonymous_10)","decl":{"start":{"line":46,"column":33},"end":{"line":46,"column":34}},"loc":{"start":{"line":46,"column":45},"end":{"line":74,"column":1}},"line":46},"11":{"name":"_callee2","decl":{"start":{"line":47,"column":79},"end":{"line":47,"column":87}},"loc":{"start":{"line":47,"column":98},"end":{"line":69,"column":3}},"line":47},"12":{"name":"_callee2$","decl":{"start":{"line":49,"column":44},"end":{"line":49,"column":53}},"loc":{"start":{"line":49,"column":65},"end":{"line":68,"column":5}},"line":49},"13":{"name":"verifySmsCode","decl":{"start":{"line":71,"column":18},"end":{"line":71,"column":31}},"loc":{"start":{"line":71,"column":42},"end":{"line":73,"column":3}},"line":71}},"branchMap":{"0":{"loc":{"start":{"line":12,"column":176},"end":{"line":12,"column":263}},"type":"if","locations":[{"start":{"line":12,"column":176},"end":{"line":12,"column":263}},{"start":{"line":12,"column":176},"end":{"line":12,"column":263}}],"line":12},"1":{"loc":{"start":{"line":23,"column":8},"end":{"line":34,"column":9}},"type":"switch","locations":[{"start":{"line":24,"column":10},"end":{"line":29,"column":15}},{"start":{"line":31,"column":10},"end":{"line":31,"column":17}},{"start":{"line":32,"column":10},"end":{"line":33,"column":35}}],"line":23},"2":{"loc":{"start":{"line":51,"column":8},"end":{"line":66,"column":9}},"type":"switch","locations":[{"start":{"line":52,"column":10},"end":{"line":57,"column":15}},{"start":{"line":59,"column":10},"end":{"line":61,"column":58}},{"start":{"line":63,"column":10},"end":{"line":63,"column":17}},{"start":{"line":64,"column":10},"end":{"line":65,"column":36}}],"line":51}},"s":{"0":1,"1":1,"2":1,"3":1,"4":0,"5":0,"6":0,"7":0,"8":0,"9":0,"10":0,"11":0,"12":2,"13":0,"14":0,"15":0,"16":0,"17":0,"18":0,"19":0,"20":1,"21":1,"22":1,"23":1,"24":0,"25":0,"26":0,"27":0,"28":0,"29":0,"30":1,"31":0,"32":1,"33":1,"34":1,"35":0,"36":0,"37":0,"38":0,"39":0,"40":0,"41":0,"42":0,"43":1,"44":0,"45":1},"f":{"0":0,"1":2,"2":0,"3":0,"4":0,"5":0,"6":1,"7":0,"8":0,"9":0,"10":1,"11":0,"12":0,"13":0},"b":{"0":[0,0],"1":[0,0,0],"2":[0,0,0,0]},"_coverageSchema":"43e27e138ebf9cfc5966b082cf9a028302ed4184","hash":"c14323b11b0eede2d82631f15da36d563b470fd5","contentHash":"8aeefed267dd307c6098502308c1283584591e5b0ef9181d2b26e88ecc7f2ea9"},"/home/jo-rdan/Desktop/wake-n-bake-backend-/src/middleware/validateToken.js":{"path":"/home/jo-rdan/Desktop/wake-n-bake-backend-/src/middleware/validateToken.js","statementMap":{"0":{"start":{"line":3,"column":0},"end":{"line":5,"column":3}},"1":{"start":{"line":6,"column":0},"end":{"line":6,"column":28}},"2":{"start":{"line":8,"column":20},"end":{"line":8,"column":67}},"3":{"start":{"line":10,"column":14},"end":{"line":10,"column":31}},"4":{"start":{"line":12,"column":20},"end":{"line":12,"column":79}},"5":{"start":{"line":14,"column":39},"end":{"line":14,"column":95}},"6":{"start":{"line":16,"column":77},"end":{"line":16,"column":175}},"7":{"start":{"line":16,"column":94},"end":{"line":16,"column":107}},"8":{"start":{"line":16,"column":121},"end":{"line":16,"column":131}},"9":{"start":{"line":16,"column":151},"end":{"line":16,"column":165}},"10":{"start":{"line":16,"column":166},"end":{"line":16,"column":173}},"11":{"start":{"line":16,"column":176},"end":{"line":16,"column":263}},"12":{"start":{"line":16,"column":193},"end":{"line":16,"column":208}},"13":{"start":{"line":16,"column":218},"end":{"line":16,"column":261}},"14":{"start":{"line":18,"column":33},"end":{"line":18,"column":387}},"15":{"start":{"line":18,"column":65},"end":{"line":18,"column":69}},"16":{"start":{"line":18,"column":78},"end":{"line":18,"column":87}},"17":{"start":{"line":18,"column":89},"end":{"line":18,"column":384}},"18":{"start":{"line":18,"column":147},"end":{"line":18,"column":167}},"19":{"start":{"line":18,"column":193},"end":{"line":18,"column":264}},"20":{"start":{"line":18,"column":290},"end":{"line":18,"column":360}},"21":{"start":{"line":18,"column":363},"end":{"line":18,"column":380}},"22":{"start":{"line":20,"column":50},"end":{"line":20,"column":151}},"23":{"start":{"line":20,"column":92},"end":{"line":20,"column":149}},"24":{"start":{"line":22,"column":44},"end":{"line":22,"column":315}},"25":{"start":{"line":22,"column":57},"end":{"line":22,"column":58}},"26":{"start":{"line":22,"column":102},"end":{"line":22,"column":110}},"27":{"start":{"line":22,"column":112},"end":{"line":22,"column":167}},"28":{"start":{"line":22,"column":168},"end":{"line":22,"column":199}},"29":{"start":{"line":22,"column":200},"end":{"line":22,"column":254}},"30":{"start":{"line":22,"column":227},"end":{"line":22,"column":254}},"31":{"start":{"line":22,"column":255},"end":{"line":22,"column":313}},"32":{"start":{"line":24,"column":62},"end":{"line":24,"column":131}},"33":{"start":{"line":24,"column":78},"end":{"line":24,"column":131}},"34":{"start":{"line":24,"column":132},"end":{"line":24,"column":193}},"35":{"start":{"line":24,"column":149},"end":{"line":24,"column":193}},"36":{"start":{"line":24,"column":194},"end":{"line":24,"column":213}},"37":{"start":{"line":26,"column":0},"end":{"line":26,"column":22}},"38":{"start":{"line":28,"column":24},"end":{"line":118,"column":3}},"39":{"start":{"line":30,"column":4},"end":{"line":30,"column":32}},"40":{"start":{"line":33,"column":2},"end":{"line":115,"column":6}},"41":{"start":{"line":36,"column":41},"end":{"line":107,"column":9}},"42":{"start":{"line":38,"column":8},"end":{"line":106,"column":37}},"43":{"start":{"line":39,"column":10},"end":{"line":105,"column":11}},"44":{"start":{"line":40,"column":12},"end":{"line":104,"column":13}},"45":{"start":{"line":42,"column":16},"end":{"line":42,"column":42}},"46":{"start":{"line":43,"column":16},"end":{"line":43,"column":34}},"47":{"start":{"line":45,"column":16},"end":{"line":48,"column":17}},"48":{"start":{"line":46,"column":18},"end":{"line":46,"column":36}},"49":{"start":{"line":47,"column":18},"end":{"line":47,"column":24}},"50":{"start":{"line":50,"column":16},"end":{"line":53,"column":20}},"51":{"start":{"line":56,"column":16},"end":{"line":56,"column":91}},"52":{"start":{"line":58,"column":16},"end":{"line":61,"column":17}},"53":{"start":{"line":59,"column":18},"end":{"line":59,"column":36}},"54":{"start":{"line":60,"column":18},"end":{"line":60,"column":24}},"55":{"start":{"line":63,"column":16},"end":{"line":66,"column":20}},"56":{"start":{"line":69,"column":16},"end":{"line":69,"column":34}},"57":{"start":{"line":70,"column":16},"end":{"line":72,"column":19}},"58":{"start":{"line":75,"column":16},"end":{"line":75,"column":42}},"59":{"start":{"line":77,"column":16},"end":{"line":80,"column":17}},"60":{"start":{"line":78,"column":18},"end":{"line":78,"column":37}},"61":{"start":{"line":79,"column":18},"end":{"line":79,"column":24}},"62":{"start":{"line":82,"column":16},"end":{"line":85,"column":20}},"63":{"start":{"line":88,"column":16},"end":{"line":88,"column":40}},"64":{"start":{"line":89,"column":16},"end":{"line":89,"column":23}},"65":{"start":{"line":90,"column":16},"end":{"line":90,"column":35}},"66":{"start":{"line":91,"column":16},"end":{"line":91,"column":22}},"67":{"start":{"line":94,"column":16},"end":{"line":94,"column":35}},"68":{"start":{"line":95,"column":16},"end":{"line":95,"column":51}},"69":{"start":{"line":96,"column":16},"end":{"line":99,"column":20}},"70":{"start":{"line":103,"column":16},"end":{"line":103,"column":39}},"71":{"start":{"line":110,"column":8},"end":{"line":110,"column":67}},"72":{"start":{"line":113,"column":6},"end":{"line":113,"column":41}},"73":{"start":{"line":117,"column":2},"end":{"line":117,"column":14}},"74":{"start":{"line":120,"column":15},"end":{"line":120,"column":19}},"75":{"start":{"line":121,"column":0},"end":{"line":121,"column":30}}},"fnMap":{"0":{"name":"_interopRequireDefault","decl":{"start":{"line":14,"column":9},"end":{"line":14,"column":31}},"loc":{"start":{"line":14,"column":37},"end":{"line":14,"column":97}},"line":14},"1":{"name":"asyncGeneratorStep","decl":{"start":{"line":16,"column":9},"end":{"line":16,"column":27}},"loc":{"start":{"line":16,"column":75},"end":{"line":16,"column":265}},"line":16},"2":{"name":"_asyncToGenerator","decl":{"start":{"line":18,"column":9},"end":{"line":18,"column":26}},"loc":{"start":{"line":18,"column":31},"end":{"line":18,"column":389}},"line":18},"3":{"name":"(anonymous_3)","decl":{"start":{"line":18,"column":40},"end":{"line":18,"column":41}},"loc":{"start":{"line":18,"column":52},"end":{"line":18,"column":386}},"line":18},"4":{"name":"(anonymous_4)","decl":{"start":{"line":18,"column":108},"end":{"line":18,"column":109}},"loc":{"start":{"line":18,"column":135},"end":{"line":18,"column":382}},"line":18},"5":{"name":"_next","decl":{"start":{"line":18,"column":178},"end":{"line":18,"column":183}},"loc":{"start":{"line":18,"column":191},"end":{"line":18,"column":266}},"line":18},"6":{"name":"_throw","decl":{"start":{"line":18,"column":276},"end":{"line":18,"column":282}},"loc":{"start":{"line":18,"column":288},"end":{"line":18,"column":362}},"line":18},"7":{"name":"_classCallCheck","decl":{"start":{"line":20,"column":9},"end":{"line":20,"column":24}},"loc":{"start":{"line":20,"column":48},"end":{"line":20,"column":153}},"line":20},"8":{"name":"_defineProperties","decl":{"start":{"line":22,"column":9},"end":{"line":22,"column":26}},"loc":{"start":{"line":22,"column":42},"end":{"line":22,"column":317}},"line":22},"9":{"name":"_createClass","decl":{"start":{"line":24,"column":9},"end":{"line":24,"column":21}},"loc":{"start":{"line":24,"column":60},"end":{"line":24,"column":215}},"line":24},"10":{"name":"(anonymous_10)","decl":{"start":{"line":28,"column":24},"end":{"line":28,"column":25}},"loc":{"start":{"line":28,"column":36},"end":{"line":118,"column":1}},"line":28},"11":{"name":"User","decl":{"start":{"line":29,"column":11},"end":{"line":29,"column":15}},"loc":{"start":{"line":29,"column":18},"end":{"line":31,"column":3}},"line":29},"12":{"name":"(anonymous_12)","decl":{"start":{"line":35,"column":11},"end":{"line":35,"column":12}},"loc":{"start":{"line":35,"column":23},"end":{"line":114,"column":5}},"line":35},"13":{"name":"_callee","decl":{"start":{"line":36,"column":106},"end":{"line":36,"column":113}},"loc":{"start":{"line":36,"column":130},"end":{"line":107,"column":7}},"line":36},"14":{"name":"_callee$","decl":{"start":{"line":38,"column":48},"end":{"line":38,"column":56}},"loc":{"start":{"line":38,"column":67},"end":{"line":106,"column":9}},"line":38},"15":{"name":"validateUserTokenMiddleware","decl":{"start":{"line":109,"column":15},"end":{"line":109,"column":42}},"loc":{"start":{"line":109,"column":57},"end":{"line":111,"column":7}},"line":109}},"branchMap":{"0":{"loc":{"start":{"line":14,"column":46},"end":{"line":14,"column":94}},"type":"cond-expr","locations":[{"start":{"line":14,"column":70},"end":{"line":14,"column":73}},{"start":{"line":14,"column":76},"end":{"line":14,"column":94}}],"line":14},"1":{"loc":{"start":{"line":14,"column":46},"end":{"line":14,"column":67}},"type":"binary-expr","locations":[{"start":{"line":14,"column":46},"end":{"line":14,"column":49}},{"start":{"line":14,"column":53},"end":{"line":14,"column":67}}],"line":14},"2":{"loc":{"start":{"line":16,"column":176},"end":{"line":16,"column":263}},"type":"if","locations":[{"start":{"line":16,"column":176},"end":{"line":16,"column":263}},{"start":{"line":16,"column":176},"end":{"line":16,"column":263}}],"line":16},"3":{"loc":{"start":{"line":20,"column":50},"end":{"line":20,"column":151}},"type":"if","locations":[{"start":{"line":20,"column":50},"end":{"line":20,"column":151}},{"start":{"line":20,"column":50},"end":{"line":20,"column":151}}],"line":20},"4":{"loc":{"start":{"line":22,"column":136},"end":{"line":22,"column":166}},"type":"binary-expr","locations":[{"start":{"line":22,"column":136},"end":{"line":22,"column":157}},{"start":{"line":22,"column":161},"end":{"line":22,"column":166}}],"line":22},"5":{"loc":{"start":{"line":22,"column":200},"end":{"line":22,"column":254}},"type":"if","locations":[{"start":{"line":22,"column":200},"end":{"line":22,"column":254}},{"start":{"line":22,"column":200},"end":{"line":22,"column":254}}],"line":22},"6":{"loc":{"start":{"line":24,"column":62},"end":{"line":24,"column":131}},"type":"if","locations":[{"start":{"line":24,"column":62},"end":{"line":24,"column":131}},{"start":{"line":24,"column":62},"end":{"line":24,"column":131}}],"line":24},"7":{"loc":{"start":{"line":24,"column":132},"end":{"line":24,"column":193}},"type":"if","locations":[{"start":{"line":24,"column":132},"end":{"line":24,"column":193}},{"start":{"line":24,"column":132},"end":{"line":24,"column":193}}],"line":24},"8":{"loc":{"start":{"line":40,"column":12},"end":{"line":104,"column":13}},"type":"switch","locations":[{"start":{"line":41,"column":14},"end":{"line":53,"column":20}},{"start":{"line":55,"column":14},"end":{"line":66,"column":20}},{"start":{"line":68,"column":14},"end":{"line":72,"column":19}},{"start":{"line":74,"column":14},"end":{"line":85,"column":20}},{"start":{"line":87,"column":14},"end":{"line":91,"column":22}},{"start":{"line":93,"column":14},"end":{"line":99,"column":20}},{"start":{"line":101,"column":14},"end":{"line":101,"column":22}},{"start":{"line":102,"column":14},"end":{"line":103,"column":39}}],"line":40},"9":{"loc":{"start":{"line":45,"column":16},"end":{"line":48,"column":17}},"type":"if","locations":[{"start":{"line":45,"column":16},"end":{"line":48,"column":17}},{"start":{"line":45,"column":16},"end":{"line":48,"column":17}}],"line":45},"10":{"loc":{"start":{"line":58,"column":16},"end":{"line":61,"column":17}},"type":"if","locations":[{"start":{"line":58,"column":16},"end":{"line":61,"column":17}},{"start":{"line":58,"column":16},"end":{"line":61,"column":17}}],"line":58},"11":{"loc":{"start":{"line":77,"column":16},"end":{"line":80,"column":17}},"type":"if","locations":[{"start":{"line":77,"column":16},"end":{"line":80,"column":17}},{"start":{"line":77,"column":16},"end":{"line":80,"column":17}}],"line":77}},"s":{"0":1,"1":1,"2":1,"3":1,"4":1,"5":2,"6":0,"7":0,"8":0,"9":0,"10":0,"11":0,"12":0,"13":0,"14":1,"15":0,"16":0,"17":0,"18":0,"19":0,"20":0,"21":0,"22":0,"23":0,"24":1,"25":1,"26":1,"27":1,"28":1,"29":1,"30":1,"31":1,"32":1,"33":0,"34":1,"35":1,"36":1,"37":1,"38":1,"39":0,"40":1,"41":1,"42":0,"43":0,"44":0,"45":0,"46":0,"47":0,"48":0,"49":0,"50":0,"51":0,"52":0,"53":0,"54":0,"55":0,"56":0,"57":0,"58":0,"59":0,"60":0,"61":0,"62":0,"63":0,"64":0,"65":0,"66":0,"67":0,"68":0,"69":0,"70":0,"71":0,"72":1,"73":1,"74":1,"75":1},"f":{"0":2,"1":0,"2":1,"3":0,"4":0,"5":0,"6":0,"7":0,"8":1,"9":1,"10":1,"11":0,"12":1,"13":0,"14":0,"15":0},"b":{"0":[1,1],"1":[2,2],"2":[0,0],"3":[0,0],"4":[1,1],"5":[1,0],"6":[0,1],"7":[1,0],"8":[0,0,0,0,0,0,0,0],"9":[0,0],"10":[0,0],"11":[0,0]},"_coverageSchema":"43e27e138ebf9cfc5966b082cf9a028302ed4184","hash":"985acb114af92d3c10601950efb72f9a2bfbbdb5","contentHash":"3a824f5fe6e3c12b720edc9a74cba3c1fd7b41eac9976bc2e800c1d6b78673aa"},"/home/jo-rdan/Desktop/wake-n-bake-backend-/src/tests/userTests.js":{"path":"/home/jo-rdan/Desktop/wake-n-bake-backend-/src/tests/userTests.js","statementMap":{"0":{"start":{"line":3,"column":12},"end":{"line":3,"column":51}},"1":{"start":{"line":5,"column":16},"end":{"line":5,"column":60}},"2":{"start":{"line":7,"column":11},"end":{"line":7,"column":52}},"3":{"start":{"line":9,"column":39},"end":{"line":9,"column":95}},"4":{"start":{"line":11,"column":0},"end":{"line":11,"column":26}},"5":{"start":{"line":13,"column":0},"end":{"line":13,"column":43}},"6":{"start":{"line":15,"column":0},"end":{"line":53,"column":3}},"7":{"start":{"line":16,"column":2},"end":{"line":24,"column":5}},"8":{"start":{"line":17,"column":4},"end":{"line":23,"column":7}},"9":{"start":{"line":21,"column":6},"end":{"line":21,"column":34}},"10":{"start":{"line":22,"column":6},"end":{"line":22,"column":13}},"11":{"start":{"line":38,"column":2},"end":{"line":43,"column":5}},"12":{"start":{"line":39,"column":4},"end":{"line":42,"column":7}},"13":{"start":{"line":40,"column":6},"end":{"line":40,"column":34}},"14":{"start":{"line":41,"column":6},"end":{"line":41,"column":13}},"15":{"start":{"line":44,"column":2},"end":{"line":52,"column":5}},"16":{"start":{"line":45,"column":4},"end":{"line":51,"column":7}},"17":{"start":{"line":49,"column":6},"end":{"line":49,"column":34}},"18":{"start":{"line":50,"column":6},"end":{"line":50,"column":13}}},"fnMap":{"0":{"name":"_interopRequireDefault","decl":{"start":{"line":9,"column":9},"end":{"line":9,"column":31}},"loc":{"start":{"line":9,"column":37},"end":{"line":9,"column":97}},"line":9},"1":{"name":"(anonymous_1)","decl":{"start":{"line":15,"column":23},"end":{"line":15,"column":24}},"loc":{"start":{"line":15,"column":35},"end":{"line":53,"column":1}},"line":15},"2":{"name":"(anonymous_2)","decl":{"start":{"line":16,"column":41},"end":{"line":16,"column":42}},"loc":{"start":{"line":16,"column":57},"end":{"line":24,"column":3}},"line":16},"3":{"name":"(anonymous_3)","decl":{"start":{"line":20,"column":11},"end":{"line":20,"column":12}},"loc":{"start":{"line":20,"column":31},"end":{"line":23,"column":5}},"line":20},"4":{"name":"(anonymous_4)","decl":{"start":{"line":38,"column":58},"end":{"line":38,"column":59}},"loc":{"start":{"line":38,"column":74},"end":{"line":43,"column":3}},"line":38},"5":{"name":"(anonymous_5)","decl":{"start":{"line":39,"column":86},"end":{"line":39,"column":87}},"loc":{"start":{"line":39,"column":106},"end":{"line":42,"column":5}},"line":39},"6":{"name":"(anonymous_6)","decl":{"start":{"line":44,"column":58},"end":{"line":44,"column":59}},"loc":{"start":{"line":44,"column":74},"end":{"line":52,"column":3}},"line":44},"7":{"name":"(anonymous_7)","decl":{"start":{"line":48,"column":11},"end":{"line":48,"column":12}},"loc":{"start":{"line":48,"column":31},"end":{"line":51,"column":5}},"line":48}},"branchMap":{"0":{"loc":{"start":{"line":9,"column":46},"end":{"line":9,"column":94}},"type":"cond-expr","locations":[{"start":{"line":9,"column":70},"end":{"line":9,"column":73}},{"start":{"line":9,"column":76},"end":{"line":9,"column":94}}],"line":9},"1":{"loc":{"start":{"line":9,"column":46},"end":{"line":9,"column":67}},"type":"binary-expr","locations":[{"start":{"line":9,"column":46},"end":{"line":9,"column":49}},{"start":{"line":9,"column":53},"end":{"line":9,"column":67}}],"line":9}},"s":{"0":1,"1":1,"2":1,"3":3,"4":1,"5":1,"6":1,"7":1,"8":1,"9":1,"10":1,"11":1,"12":1,"13":1,"14":1,"15":1,"16":1,"17":1,"18":1},"f":{"0":3,"1":1,"2":1,"3":1,"4":1,"5":1,"6":1,"7":1},"b":{"0":[1,2],"1":[3,3]},"_coverageSchema":"43e27e138ebf9cfc5966b082cf9a028302ed4184","hash":"3c5e2f3b2cdff15db3f93c3d54703ef17e694199","contentHash":"949253b5ecd20fa13a11b5869531d865577fbaf95c2b2de6e8d466c2e5791880"}}